<?xml version="1.0" encoding="UTF-8"?>
<coverage generated="1530933394122" clover="3.2.0">
  <project timestamp="1530933394123" name="All files">
    <metrics statements="124" coveredstatements="100" conditionals="118" coveredconditionals="89" methods="33" coveredmethods="27" elements="275" coveredelements="216" complexity="0" loc="124" ncloc="124" packages="1" files="1" classes="1">
      <file name="LeakDetector.js" path="/home/tom/Code Projects/citytaps/LeakDetector.js">
        <metrics statements="124" coveredstatements="100" conditionals="118" coveredconditionals="89" methods="33" coveredmethods="27"/>
        <line num="2" count="6" type="stmt"/>
        <line num="3" count="47" type="cond" truecount="2" falsecount="0"/>
        <line num="4" count="3" type="stmt"/>
        <line num="5" count="3" type="stmt"/>
        <line num="6" count="28" type="cond" truecount="2" falsecount="0"/>
        <line num="7" count="26" type="stmt"/>
        <line num="12" count="1" type="stmt"/>
        <line num="13" count="1" type="stmt"/>
        <line num="14" count="144" type="stmt"/>
        <line num="15" count="3" type="cond" truecount="1" falsecount="1"/>
        <line num="16" count="3" type="stmt"/>
        <line num="18" count="1" type="stmt"/>
        <line num="32" count="9" type="stmt"/>
        <line num="33" count="9" type="cond" truecount="2" falsecount="0"/>
        <line num="34" count="1" type="stmt"/>
        <line num="35" count="8" type="cond" truecount="2" falsecount="0"/>
        <line num="36" count="1" type="stmt"/>
        <line num="40" count="9" type="cond" truecount="2" falsecount="0"/>
        <line num="41" count="9" type="cond" truecount="2" falsecount="0"/>
        <line num="42" count="9" type="cond" truecount="2" falsecount="0"/>
        <line num="43" count="9" type="cond" truecount="2" falsecount="0"/>
        <line num="45" count="9" type="stmt"/>
        <line num="46" count="9" type="stmt"/>
        <line num="48" count="9" type="cond" truecount="3" falsecount="0"/>
        <line num="49" count="9" type="cond" truecount="4" falsecount="0"/>
        <line num="50" count="9" type="stmt"/>
        <line num="51" count="9" type="stmt"/>
        <line num="52" count="9" type="stmt"/>
        <line num="53" count="9" type="stmt"/>
        <line num="54" count="9" type="stmt"/>
        <line num="62" count="0" type="stmt"/>
        <line num="63" count="0" type="cond" truecount="0" falsecount="2"/>
        <line num="67" count="36" type="stmt"/>
        <line num="68" count="9" type="cond" truecount="1" falsecount="1"/>
        <line num="69" count="0" type="stmt"/>
        <line num="80" count="0" type="stmt"/>
        <line num="81" count="0" type="stmt"/>
        <line num="82" count="0" type="stmt"/>
        <line num="90" count="9" type="stmt"/>
        <line num="91" count="9" type="stmt"/>
        <line num="92" count="432" type="cond" truecount="2" falsecount="0"/>
        <line num="93" count="94" type="cond" truecount="1" falsecount="1"/>
        <line num="95" count="94" type="cond" truecount="1" falsecount="1"/>
        <line num="97" count="338" type="cond" truecount="2" falsecount="0"/>
        <line num="98" count="14" type="stmt"/>
        <line num="100" count="338" type="stmt"/>
        <line num="101" count="338" type="stmt"/>
        <line num="107" count="9" type="stmt"/>
        <line num="108" count="9" type="stmt"/>
        <line num="109" count="48" type="cond" truecount="4" falsecount="0"/>
        <line num="110" count="1" type="stmt"/>
        <line num="112" count="8" type="cond" truecount="2" falsecount="0"/>
        <line num="113" count="7" type="cond" truecount="1" falsecount="1"/>
        <line num="114" count="54" type="cond" truecount="2" falsecount="0"/>
        <line num="115" count="6" type="cond" truecount="2" falsecount="2"/>
        <line num="116" count="0" type="stmt"/>
        <line num="118" count="6" type="cond" truecount="4" falsecount="0"/>
        <line num="119" count="240" type="cond" truecount="1" falsecount="1"/>
        <line num="120" count="0" type="stmt"/>
        <line num="121" count="0" type="cond" truecount="0" falsecount="4"/>
        <line num="122" count="0" type="stmt"/>
        <line num="124" count="0" type="cond" truecount="0" falsecount="2"/>
        <line num="126" count="0" type="stmt"/>
        <line num="128" count="0" type="stmt"/>
        <line num="129" count="0" type="stmt"/>
        <line num="133" count="1" type="cond" truecount="1" falsecount="1"/>
        <line num="134" count="1" type="cond" truecount="1" falsecount="1"/>
        <line num="135" count="3" type="cond" truecount="2" falsecount="0"/>
        <line num="139" count="48" type="stmt"/>
        <line num="140" count="48" type="stmt"/>
        <line num="142" count="144" type="stmt"/>
        <line num="144" count="1" type="stmt"/>
        <line num="145" count="1" type="stmt"/>
        <line num="146" count="3" type="stmt"/>
        <line num="147" count="3" type="stmt"/>
        <line num="149" count="1" type="cond" truecount="1" falsecount="1"/>
        <line num="150" count="1" type="stmt"/>
        <line num="151" count="48" type="stmt"/>
        <line num="153" count="0" type="cond" truecount="0" falsecount="2"/>
        <line num="154" count="0" type="stmt"/>
        <line num="159" count="1" type="cond" truecount="1" falsecount="1"/>
        <line num="160" count="1" type="cond" truecount="1" falsecount="1"/>
        <line num="161" count="1" type="stmt"/>
        <line num="162" count="3" type="cond" truecount="4" falsecount="0"/>
        <line num="163" count="1" type="stmt"/>
        <line num="165" count="3" type="cond" truecount="1" falsecount="1"/>
        <line num="167" count="0" type="stmt"/>
        <line num="169" count="0" type="stmt"/>
        <line num="170" count="0" type="stmt"/>
        <line num="175" count="1" type="cond" truecount="1" falsecount="1"/>
        <line num="176" count="0" type="stmt"/>
        <line num="182" count="9" type="stmt"/>
        <line num="183" count="9" type="cond" truecount="2" falsecount="0"/>
        <line num="184" count="384" type="stmt"/>
        <line num="186" count="1" type="stmt"/>
        <line num="188" count="9" type="stmt"/>
        <line num="190" count="432" type="stmt"/>
        <line num="191" count="9" type="stmt"/>
        <line num="195" count="9" type="stmt"/>
        <line num="196" count="9" type="stmt"/>
        <line num="197" count="9" type="cond" truecount="2" falsecount="0"/>
        <line num="198" count="1" type="stmt"/>
        <line num="202" count="9" type="stmt"/>
        <line num="203" count="9" type="stmt"/>
        <line num="204" count="9" type="stmt"/>
        <line num="205" count="9" type="cond" truecount="2" falsecount="0"/>
        <line num="206" count="1" type="stmt"/>
        <line num="208" count="8" type="cond" truecount="1" falsecount="1"/>
        <line num="209" count="8" type="stmt"/>
        <line num="210" count="8" type="stmt"/>
        <line num="211" count="14" type="stmt"/>
        <line num="212" count="46" type="cond" truecount="2" falsecount="0"/>
        <line num="213" count="39" type="cond" truecount="4" falsecount="0"/>
        <line num="216" count="42" type="cond" truecount="2" falsecount="0"/>
        <line num="217" count="21" type="stmt"/>
        <line num="218" count="42" type="stmt"/>
        <line num="222" count="8" type="stmt"/>
        <line num="223" count="8" type="stmt"/>
        <line num="224" count="8" type="stmt"/>
        <line num="226" count="0" type="stmt"/>
        <line num="228" count="0" type="stmt"/>
        <line num="231" count="0" type="stmt"/>
        <line num="232" count="0" type="stmt"/>
        <line num="239" count="1" type="stmt"/>
      </file>
    </metrics>
  </project>
</coverage>
