{"/home/tom/Code Projects/citytaps/LeakDetector.js": {"path":"/home/tom/Code Projects/citytaps/LeakDetector.js","statementMap":{"0":{"start":{"line":2,"column":16},"end":{"line":2,"column":24}},"1":{"start":{"line":3,"column":2},"end":{"line":3,"column":48}},"2":{"start":{"line":3,"column":23},"end":{"line":3,"column":32}},"3":{"start":{"line":3,"column":35},"end":{"line":3,"column":48}},"4":{"start":{"line":4,"column":15},"end":{"line":4,"column":44}},"5":{"start":{"line":5,"column":2},"end":{"line":8,"column":5}},"6":{"start":{"line":6,"column":4},"end":{"line":6,"column":72}},"7":{"start":{"line":6,"column":30},"end":{"line":6,"column":72}},"8":{"start":{"line":7,"column":4},"end":{"line":7,"column":46}},"9":{"start":{"line":12,"column":16},"end":{"line":12,"column":41}},"10":{"start":{"line":13,"column":2},"end":{"line":17,"column":3}},"11":{"start":{"line":14,"column":16},"end":{"line":14,"column":44}},"12":{"start":{"line":14,"column":30},"end":{"line":14,"column":43}},"13":{"start":{"line":15,"column":4},"end":{"line":15,"column":66}},"14":{"start":{"line":15,"column":37},"end":{"line":15,"column":66}},"15":{"start":{"line":16,"column":4},"end":{"line":16,"column":25}},"16":{"start":{"line":18,"column":2},"end":{"line":18,"column":15}},"17":{"start":{"line":32,"column":4},"end":{"line":32,"column":19}},"18":{"start":{"line":33,"column":4},"end":{"line":37,"column":5}},"19":{"start":{"line":34,"column":6},"end":{"line":34,"column":86}},"20":{"start":{"line":35,"column":11},"end":{"line":37,"column":5}},"21":{"start":{"line":36,"column":6},"end":{"line":36,"column":95}},"22":{"start":{"line":39,"column":4},"end":{"line":39,"column":43}},"23":{"start":{"line":40,"column":4},"end":{"line":40,"column":51}},"24":{"start":{"line":41,"column":4},"end":{"line":41,"column":48}},"25":{"start":{"line":42,"column":4},"end":{"line":42,"column":42}},"26":{"start":{"line":44,"column":4},"end":{"line":45,"column":92}},"27":{"start":{"line":46,"column":4},"end":{"line":46,"column":53}},"28":{"start":{"line":47,"column":4},"end":{"line":47,"column":45}},"29":{"start":{"line":49,"column":4},"end":{"line":49,"column":30}},"30":{"start":{"line":51,"column":4},"end":{"line":51,"column":32}},"31":{"start":{"line":52,"column":4},"end":{"line":52,"column":37}},"32":{"start":{"line":53,"column":4},"end":{"line":53,"column":33}},"33":{"start":{"line":54,"column":4},"end":{"line":54,"column":24}},"34":{"start":{"line":55,"column":4},"end":{"line":55,"column":28}},"35":{"start":{"line":56,"column":4},"end":{"line":56,"column":25}},"36":{"start":{"line":66,"column":4},"end":{"line":66,"column":53}},"37":{"start":{"line":67,"column":17},"end":{"line":67,"column":33}},"38":{"start":{"line":68,"column":4},"end":{"line":68,"column":51}},"39":{"start":{"line":68,"column":28},"end":{"line":68,"column":51}},"40":{"start":{"line":69,"column":4},"end":{"line":69,"column":71}},"41":{"start":{"line":69,"column":48},"end":{"line":69,"column":71}},"42":{"start":{"line":70,"column":4},"end":{"line":70,"column":35}},"43":{"start":{"line":74,"column":18},"end":{"line":74,"column":89}},"44":{"start":{"line":74,"column":72},"end":{"line":74,"column":88}},"45":{"start":{"line":75,"column":4},"end":{"line":79,"column":5}},"46":{"start":{"line":76,"column":6},"end":{"line":78,"column":8}},"47":{"start":{"line":83,"column":4},"end":{"line":87,"column":5}},"48":{"start":{"line":84,"column":6},"end":{"line":86,"column":8}},"49":{"start":{"line":88,"column":4},"end":{"line":104,"column":5}},"50":{"start":{"line":89,"column":6},"end":{"line":103,"column":7}},"51":{"start":{"line":90,"column":18},"end":{"line":90,"column":26}},"52":{"start":{"line":91,"column":18},"end":{"line":91,"column":26}},"53":{"start":{"line":92,"column":21},"end":{"line":92,"column":35}},"54":{"start":{"line":92,"column":30},"end":{"line":92,"column":35}},"55":{"start":{"line":93,"column":8},"end":{"line":97,"column":9}},"56":{"start":{"line":94,"column":10},"end":{"line":94,"column":39}},"57":{"start":{"line":94,"column":28},"end":{"line":94,"column":38}},"58":{"start":{"line":95,"column":10},"end":{"line":95,"column":53}},"59":{"start":{"line":96,"column":10},"end":{"line":96,"column":53}},"60":{"start":{"line":98,"column":8},"end":{"line":102,"column":15}},"61":{"start":{"line":99,"column":21},"end":{"line":99,"column":35}},"62":{"start":{"line":100,"column":10},"end":{"line":100,"column":50}},"63":{"start":{"line":100,"column":40},"end":{"line":100,"column":50}},"64":{"start":{"line":101,"column":10},"end":{"line":101,"column":19}},"65":{"start":{"line":112,"column":17},"end":{"line":112,"column":36}},"66":{"start":{"line":113,"column":4},"end":{"line":113,"column":21}},"67":{"start":{"line":117,"column":4},"end":{"line":117,"column":45}},"68":{"start":{"line":117,"column":22},"end":{"line":117,"column":45}},"69":{"start":{"line":118,"column":4},"end":{"line":118,"column":92}},"70":{"start":{"line":118,"column":40},"end":{"line":118,"column":92}},"71":{"start":{"line":119,"column":20},"end":{"line":119,"column":47}},"72":{"start":{"line":120,"column":4},"end":{"line":120,"column":19}},"73":{"start":{"line":124,"column":18},"end":{"line":124,"column":20}},"74":{"start":{"line":125,"column":4},"end":{"line":125,"column":49}},"75":{"start":{"line":126,"column":4},"end":{"line":126,"column":25}},"76":{"start":{"line":134,"column":17},"end":{"line":134,"column":35}},"77":{"start":{"line":135,"column":4},"end":{"line":135,"column":24}},"78":{"start":{"line":136,"column":4},"end":{"line":137,"column":38}},"79":{"start":{"line":136,"column":48},"end":{"line":136,"column":76}},"80":{"start":{"line":137,"column":9},"end":{"line":137,"column":38}},"81":{"start":{"line":141,"column":4},"end":{"line":141,"column":45}},"82":{"start":{"line":141,"column":22},"end":{"line":141,"column":45}},"83":{"start":{"line":142,"column":20},"end":{"line":142,"column":47}},"84":{"start":{"line":143,"column":4},"end":{"line":143,"column":80}},"85":{"start":{"line":143,"column":53},"end":{"line":143,"column":77}},"86":{"start":{"line":144,"column":28},"end":{"line":146,"column":46}},"87":{"start":{"line":146,"column":25},"end":{"line":146,"column":45}},"88":{"start":{"line":147,"column":4},"end":{"line":147,"column":27}},"89":{"start":{"line":151,"column":18},"end":{"line":151,"column":20}},"90":{"start":{"line":152,"column":4},"end":{"line":163,"column":7}},"91":{"start":{"line":153,"column":6},"end":{"line":162,"column":7}},"92":{"start":{"line":154,"column":8},"end":{"line":154,"column":54}},"93":{"start":{"line":155,"column":8},"end":{"line":155,"column":82}},"94":{"start":{"line":157,"column":8},"end":{"line":159,"column":9}},"95":{"start":{"line":158,"column":10},"end":{"line":158,"column":88}},"96":{"start":{"line":160,"column":8},"end":{"line":160,"column":27}},"97":{"start":{"line":161,"column":8},"end":{"line":161,"column":30}},"98":{"start":{"line":173,"column":17},"end":{"line":173,"column":19}},"99":{"start":{"line":174,"column":4},"end":{"line":176,"column":5}},"100":{"start":{"line":174,"column":74},"end":{"line":174,"column":92}},"101":{"start":{"line":175,"column":6},"end":{"line":175,"column":34}},"102":{"start":{"line":177,"column":4},"end":{"line":223,"column":5}},"103":{"start":{"line":178,"column":6},"end":{"line":178,"column":44}},"104":{"start":{"line":178,"column":34},"end":{"line":178,"column":44}},"105":{"start":{"line":179,"column":6},"end":{"line":179,"column":74}},"106":{"start":{"line":179,"column":32},"end":{"line":179,"column":54}},"107":{"start":{"line":179,"column":57},"end":{"line":179,"column":74}},"108":{"start":{"line":180,"column":6},"end":{"line":182,"column":7}},"109":{"start":{"line":180,"column":68},"end":{"line":180,"column":85}},"110":{"start":{"line":181,"column":8},"end":{"line":181,"column":47}},"111":{"start":{"line":181,"column":35},"end":{"line":181,"column":45}},"112":{"start":{"line":183,"column":6},"end":{"line":197,"column":7}},"113":{"start":{"line":184,"column":8},"end":{"line":184,"column":83}},"114":{"start":{"line":184,"column":32},"end":{"line":184,"column":83}},"115":{"start":{"line":184,"column":59},"end":{"line":184,"column":81}},"116":{"start":{"line":185,"column":8},"end":{"line":196,"column":9}},"117":{"start":{"line":186,"column":10},"end":{"line":188,"column":11}},"118":{"start":{"line":187,"column":12},"end":{"line":187,"column":27}},"119":{"start":{"line":189,"column":10},"end":{"line":195,"column":11}},"120":{"start":{"line":191,"column":50},"end":{"line":191,"column":68}},"121":{"start":{"line":193,"column":12},"end":{"line":193,"column":55}},"122":{"start":{"line":194,"column":12},"end":{"line":194,"column":27}},"123":{"start":{"line":198,"column":6},"end":{"line":222,"column":7}},"124":{"start":{"line":199,"column":8},"end":{"line":221,"column":9}},"125":{"start":{"line":200,"column":35},"end":{"line":200,"column":57}},"126":{"start":{"line":204,"column":14},"end":{"line":204,"column":31}},"127":{"start":{"line":205,"column":14},"end":{"line":205,"column":23}},"128":{"start":{"line":207,"column":28},"end":{"line":207,"column":49}},"129":{"start":{"line":209,"column":25},"end":{"line":209,"column":77}},"130":{"start":{"line":210,"column":10},"end":{"line":213,"column":17}},"131":{"start":{"line":211,"column":12},"end":{"line":211,"column":33}},"132":{"start":{"line":212,"column":12},"end":{"line":212,"column":21}},"133":{"start":{"line":214,"column":10},"end":{"line":217,"column":11}},"134":{"start":{"line":215,"column":30},"end":{"line":215,"column":70}},"135":{"start":{"line":216,"column":12},"end":{"line":216,"column":63}},"136":{"start":{"line":216,"column":48},"end":{"line":216,"column":61}},"137":{"start":{"line":218,"column":10},"end":{"line":220,"column":11}},"138":{"start":{"line":219,"column":12},"end":{"line":219,"column":29}},"139":{"start":{"line":224,"column":4},"end":{"line":238,"column":5}},"140":{"start":{"line":225,"column":6},"end":{"line":225,"column":67}},"141":{"start":{"line":225,"column":30},"end":{"line":225,"column":67}},"142":{"start":{"line":226,"column":6},"end":{"line":237,"column":7}},"143":{"start":{"line":227,"column":8},"end":{"line":229,"column":9}},"144":{"start":{"line":228,"column":10},"end":{"line":228,"column":25}},"145":{"start":{"line":230,"column":8},"end":{"line":236,"column":9}},"146":{"start":{"line":232,"column":48},"end":{"line":232,"column":66}},"147":{"start":{"line":234,"column":10},"end":{"line":234,"column":53}},"148":{"start":{"line":235,"column":10},"end":{"line":235,"column":25}},"149":{"start":{"line":240,"column":4},"end":{"line":240,"column":58}},"150":{"start":{"line":240,"column":27},"end":{"line":240,"column":58}},"151":{"start":{"line":241,"column":4},"end":{"line":243,"column":6}},"152":{"start":{"line":247,"column":4},"end":{"line":277,"column":5}},"153":{"start":{"line":248,"column":6},"end":{"line":248,"column":32}},"154":{"start":{"line":249,"column":6},"end":{"line":249,"column":33}},"155":{"start":{"line":250,"column":6},"end":{"line":265,"column":7}},"156":{"start":{"line":251,"column":35},"end":{"line":262,"column":9}},"157":{"start":{"line":252,"column":10},"end":{"line":261,"column":12}},"158":{"start":{"line":253,"column":12},"end":{"line":253,"column":90}},"159":{"start":{"line":253,"column":47},"end":{"line":253,"column":90}},"160":{"start":{"line":254,"column":12},"end":{"line":260,"column":23}},"161":{"start":{"line":257,"column":18},"end":{"line":258,"column":50}},"162":{"start":{"line":257,"column":36},"end":{"line":257,"column":66}},"163":{"start":{"line":258,"column":23},"end":{"line":258,"column":50}},"164":{"start":{"line":259,"column":18},"end":{"line":259,"column":27}},"165":{"start":{"line":263,"column":8},"end":{"line":263,"column":43}},"166":{"start":{"line":264,"column":8},"end":{"line":264,"column":34}},"167":{"start":{"line":266,"column":6},"end":{"line":266,"column":46}},"168":{"start":{"line":266,"column":25},"end":{"line":266,"column":46}},"169":{"start":{"line":267,"column":6},"end":{"line":267,"column":62}},"170":{"start":{"line":272,"column":6},"end":{"line":272,"column":23}},"171":{"start":{"line":276,"column":6},"end":{"line":276,"column":15}},"172":{"start":{"line":281,"column":0},"end":{"line":281,"column":33}}},"fnMap":{"0":{"name":"isNotIncrementingOrNaN","decl":{"start":{"line":1,"column":9},"end":{"line":1,"column":31}},"loc":{"start":{"line":1,"column":37},"end":{"line":9,"column":1}},"line":1},"1":{"name":"(anonymous_1)","decl":{"start":{"line":3,"column":17},"end":{"line":3,"column":18}},"loc":{"start":{"line":3,"column":23},"end":{"line":3,"column":32}},"line":3},"2":{"name":"(anonymous_2)","decl":{"start":{"line":5,"column":20},"end":{"line":5,"column":21}},"loc":{"start":{"line":5,"column":36},"end":{"line":8,"column":3}},"line":5},"3":{"name":"isNotIncrementingOrNaNTranslated","decl":{"start":{"line":11,"column":9},"end":{"line":11,"column":41}},"loc":{"start":{"line":11,"column":47},"end":{"line":19,"column":1}},"line":11},"4":{"name":"(anonymous_4)","decl":{"start":{"line":14,"column":24},"end":{"line":14,"column":25}},"loc":{"start":{"line":14,"column":30},"end":{"line":14,"column":43}},"line":14},"5":{"name":"(anonymous_5)","decl":{"start":{"line":22,"column":2},"end":{"line":22,"column":3}},"loc":{"start":{"line":31,"column":4},"end":{"line":57,"column":3}},"line":31},"6":{"name":"(anonymous_6)","decl":{"start":{"line":65,"column":2},"end":{"line":65,"column":3}},"loc":{"start":{"line":65,"column":24},"end":{"line":71,"column":3}},"line":65},"7":{"name":"(anonymous_7)","decl":{"start":{"line":73,"column":2},"end":{"line":73,"column":3}},"loc":{"start":{"line":73,"column":23},"end":{"line":80,"column":3}},"line":73},"8":{"name":"(anonymous_8)","decl":{"start":{"line":74,"column":66},"end":{"line":74,"column":67}},"loc":{"start":{"line":74,"column":72},"end":{"line":74,"column":88}},"line":74},"9":{"name":"(anonymous_9)","decl":{"start":{"line":82,"column":2},"end":{"line":82,"column":3}},"loc":{"start":{"line":82,"column":15},"end":{"line":105,"column":3}},"line":82},"10":{"name":"(anonymous_10)","decl":{"start":{"line":92,"column":21},"end":{"line":92,"column":22}},"loc":{"start":{"line":92,"column":30},"end":{"line":92,"column":35}},"line":92},"11":{"name":"(anonymous_11)","decl":{"start":{"line":94,"column":19},"end":{"line":94,"column":20}},"loc":{"start":{"line":94,"column":28},"end":{"line":94,"column":38}},"line":94},"12":{"name":"(anonymous_12)","decl":{"start":{"line":98,"column":32},"end":{"line":98,"column":33}},"loc":{"start":{"line":98,"column":45},"end":{"line":102,"column":9}},"line":98},"13":{"name":"(anonymous_13)","decl":{"start":{"line":111,"column":2},"end":{"line":111,"column":3}},"loc":{"start":{"line":111,"column":13},"end":{"line":114,"column":3}},"line":111},"14":{"name":"(anonymous_14)","decl":{"start":{"line":116,"column":2},"end":{"line":116,"column":3}},"loc":{"start":{"line":116,"column":17},"end":{"line":121,"column":3}},"line":116},"15":{"name":"(anonymous_15)","decl":{"start":{"line":123,"column":2},"end":{"line":123,"column":3}},"loc":{"start":{"line":123,"column":14},"end":{"line":127,"column":3}},"line":123},"16":{"name":"(anonymous_16)","decl":{"start":{"line":133,"column":2},"end":{"line":133,"column":3}},"loc":{"start":{"line":133,"column":13},"end":{"line":138,"column":3}},"line":133},"17":{"name":"(anonymous_17)","decl":{"start":{"line":140,"column":2},"end":{"line":140,"column":3}},"loc":{"start":{"line":140,"column":16},"end":{"line":148,"column":3}},"line":140},"18":{"name":"(anonymous_18)","decl":{"start":{"line":143,"column":41},"end":{"line":143,"column":42}},"loc":{"start":{"line":143,"column":53},"end":{"line":143,"column":77}},"line":143},"19":{"name":"(anonymous_19)","decl":{"start":{"line":146,"column":14},"end":{"line":146,"column":15}},"loc":{"start":{"line":146,"column":25},"end":{"line":146,"column":45}},"line":146},"20":{"name":"(anonymous_20)","decl":{"start":{"line":150,"column":2},"end":{"line":150,"column":3}},"loc":{"start":{"line":150,"column":17},"end":{"line":164,"column":3}},"line":150},"21":{"name":"(anonymous_21)","decl":{"start":{"line":152,"column":17},"end":{"line":152,"column":18}},"loc":{"start":{"line":152,"column":28},"end":{"line":163,"column":5}},"line":152},"22":{"name":"(anonymous_22)","decl":{"start":{"line":171,"column":2},"end":{"line":171,"column":3}},"loc":{"start":{"line":171,"column":25},"end":{"line":244,"column":3}},"line":171},"23":{"name":"(anonymous_23)","decl":{"start":{"line":174,"column":68},"end":{"line":174,"column":69}},"loc":{"start":{"line":174,"column":74},"end":{"line":174,"column":92}},"line":174},"24":{"name":"(anonymous_24)","decl":{"start":{"line":179,"column":26},"end":{"line":179,"column":27}},"loc":{"start":{"line":179,"column":32},"end":{"line":179,"column":54}},"line":179},"25":{"name":"(anonymous_25)","decl":{"start":{"line":180,"column":62},"end":{"line":180,"column":63}},"loc":{"start":{"line":180,"column":68},"end":{"line":180,"column":85}},"line":180},"26":{"name":"(anonymous_26)","decl":{"start":{"line":181,"column":29},"end":{"line":181,"column":30}},"loc":{"start":{"line":181,"column":35},"end":{"line":181,"column":45}},"line":181},"27":{"name":"(anonymous_27)","decl":{"start":{"line":184,"column":53},"end":{"line":184,"column":54}},"loc":{"start":{"line":184,"column":59},"end":{"line":184,"column":81}},"line":184},"28":{"name":"(anonymous_28)","decl":{"start":{"line":191,"column":44},"end":{"line":191,"column":45}},"loc":{"start":{"line":191,"column":50},"end":{"line":191,"column":68}},"line":191},"29":{"name":"(anonymous_29)","decl":{"start":{"line":200,"column":29},"end":{"line":200,"column":30}},"loc":{"start":{"line":200,"column":35},"end":{"line":200,"column":57}},"line":200},"30":{"name":"(anonymous_30)","decl":{"start":{"line":203,"column":20},"end":{"line":203,"column":21}},"loc":{"start":{"line":203,"column":30},"end":{"line":206,"column":13}},"line":203},"31":{"name":"(anonymous_31)","decl":{"start":{"line":207,"column":19},"end":{"line":207,"column":20}},"loc":{"start":{"line":207,"column":28},"end":{"line":207,"column":49}},"line":207},"32":{"name":"(anonymous_32)","decl":{"start":{"line":210,"column":45},"end":{"line":210,"column":46}},"loc":{"start":{"line":210,"column":58},"end":{"line":213,"column":11}},"line":210},"33":{"name":"(anonymous_33)","decl":{"start":{"line":216,"column":42},"end":{"line":216,"column":43}},"loc":{"start":{"line":216,"column":48},"end":{"line":216,"column":61}},"line":216},"34":{"name":"(anonymous_34)","decl":{"start":{"line":232,"column":42},"end":{"line":232,"column":43}},"loc":{"start":{"line":232,"column":48},"end":{"line":232,"column":66}},"line":232},"35":{"name":"(anonymous_35)","decl":{"start":{"line":246,"column":2},"end":{"line":246,"column":3}},"loc":{"start":{"line":246,"column":11},"end":{"line":278,"column":3}},"line":246},"36":{"name":"(anonymous_36)","decl":{"start":{"line":251,"column":75},"end":{"line":251,"column":76}},"loc":{"start":{"line":252,"column":10},"end":{"line":261,"column":12}},"line":252},"37":{"name":"(anonymous_37)","decl":{"start":{"line":252,"column":20},"end":{"line":252,"column":21}},"loc":{"start":{"line":252,"column":29},"end":{"line":261,"column":11}},"line":252},"38":{"name":"(anonymous_38)","decl":{"start":{"line":256,"column":62},"end":{"line":256,"column":63}},"loc":{"start":{"line":256,"column":72},"end":{"line":260,"column":17}},"line":256}},"branchMap":{"0":{"loc":{"start":{"line":3,"column":2},"end":{"line":3,"column":48}},"type":"if","locations":[{"start":{"line":3,"column":2},"end":{"line":3,"column":48}},{"start":{"line":3,"column":2},"end":{"line":3,"column":48}}],"line":3},"1":{"loc":{"start":{"line":6,"column":4},"end":{"line":6,"column":72}},"type":"if","locations":[{"start":{"line":6,"column":4},"end":{"line":6,"column":72}},{"start":{"line":6,"column":4},"end":{"line":6,"column":72}}],"line":6},"2":{"loc":{"start":{"line":15,"column":4},"end":{"line":15,"column":66}},"type":"if","locations":[{"start":{"line":15,"column":4},"end":{"line":15,"column":66}},{"start":{"line":15,"column":4},"end":{"line":15,"column":66}}],"line":15},"3":{"loc":{"start":{"line":27,"column":4},"end":{"line":27,"column":24}},"type":"default-arg","locations":[{"start":{"line":27,"column":20},"end":{"line":27,"column":24}}],"line":27},"4":{"loc":{"start":{"line":28,"column":4},"end":{"line":28,"column":18}},"type":"default-arg","locations":[{"start":{"line":28,"column":14},"end":{"line":28,"column":18}}],"line":28},"5":{"loc":{"start":{"line":29,"column":4},"end":{"line":29,"column":17}},"type":"default-arg","locations":[{"start":{"line":29,"column":13},"end":{"line":29,"column":17}}],"line":29},"6":{"loc":{"start":{"line":33,"column":4},"end":{"line":37,"column":5}},"type":"if","locations":[{"start":{"line":33,"column":4},"end":{"line":37,"column":5}},{"start":{"line":33,"column":4},"end":{"line":37,"column":5}}],"line":33},"7":{"loc":{"start":{"line":35,"column":11},"end":{"line":37,"column":5}},"type":"if","locations":[{"start":{"line":35,"column":11},"end":{"line":37,"column":5}},{"start":{"line":35,"column":11},"end":{"line":37,"column":5}}],"line":35},"8":{"loc":{"start":{"line":39,"column":20},"end":{"line":39,"column":42}},"type":"binary-expr","locations":[{"start":{"line":39,"column":20},"end":{"line":39,"column":34}},{"start":{"line":39,"column":38},"end":{"line":39,"column":42}}],"line":39},"9":{"loc":{"start":{"line":40,"column":20},"end":{"line":40,"column":50}},"type":"binary-expr","locations":[{"start":{"line":40,"column":20},"end":{"line":40,"column":38}},{"start":{"line":40,"column":42},"end":{"line":40,"column":50}}],"line":40},"10":{"loc":{"start":{"line":41,"column":19},"end":{"line":41,"column":47}},"type":"binary-expr","locations":[{"start":{"line":41,"column":19},"end":{"line":41,"column":36}},{"start":{"line":41,"column":40},"end":{"line":41,"column":47}}],"line":41},"11":{"loc":{"start":{"line":42,"column":17},"end":{"line":42,"column":41}},"type":"binary-expr","locations":[{"start":{"line":42,"column":17},"end":{"line":42,"column":32}},{"start":{"line":42,"column":36},"end":{"line":42,"column":41}}],"line":42},"12":{"loc":{"start":{"line":45,"column":6},"end":{"line":45,"column":91}},"type":"binary-expr","locations":[{"start":{"line":45,"column":6},"end":{"line":45,"column":29}},{"start":{"line":45,"column":34},"end":{"line":45,"column":90}}],"line":45},"13":{"loc":{"start":{"line":45,"column":34},"end":{"line":45,"column":90}},"type":"cond-expr","locations":[{"start":{"line":45,"column":70},"end":{"line":45,"column":83}},{"start":{"line":45,"column":86},"end":{"line":45,"column":90}}],"line":45},"14":{"loc":{"start":{"line":46,"column":19},"end":{"line":46,"column":52}},"type":"binary-expr","locations":[{"start":{"line":46,"column":19},"end":{"line":46,"column":36}},{"start":{"line":46,"column":40},"end":{"line":46,"column":47}},{"start":{"line":46,"column":51},"end":{"line":46,"column":52}}],"line":46},"15":{"loc":{"start":{"line":47,"column":18},"end":{"line":47,"column":44}},"type":"binary-expr","locations":[{"start":{"line":47,"column":18},"end":{"line":47,"column":34}},{"start":{"line":47,"column":38},"end":{"line":47,"column":44}}],"line":47},"16":{"loc":{"start":{"line":68,"column":4},"end":{"line":68,"column":51}},"type":"if","locations":[{"start":{"line":68,"column":4},"end":{"line":68,"column":51}},{"start":{"line":68,"column":4},"end":{"line":68,"column":51}}],"line":68},"17":{"loc":{"start":{"line":69,"column":4},"end":{"line":69,"column":71}},"type":"if","locations":[{"start":{"line":69,"column":4},"end":{"line":69,"column":71}},{"start":{"line":69,"column":4},"end":{"line":69,"column":71}}],"line":69},"18":{"loc":{"start":{"line":69,"column":8},"end":{"line":69,"column":46}},"type":"binary-expr","locations":[{"start":{"line":69,"column":8},"end":{"line":69,"column":25}},{"start":{"line":69,"column":29},"end":{"line":69,"column":46}}],"line":69},"19":{"loc":{"start":{"line":75,"column":4},"end":{"line":79,"column":5}},"type":"if","locations":[{"start":{"line":75,"column":4},"end":{"line":79,"column":5}},{"start":{"line":75,"column":4},"end":{"line":79,"column":5}}],"line":75},"20":{"loc":{"start":{"line":83,"column":4},"end":{"line":87,"column":5}},"type":"if","locations":[{"start":{"line":83,"column":4},"end":{"line":87,"column":5}},{"start":{"line":83,"column":4},"end":{"line":87,"column":5}}],"line":83},"21":{"loc":{"start":{"line":89,"column":6},"end":{"line":103,"column":7}},"type":"if","locations":[{"start":{"line":89,"column":6},"end":{"line":103,"column":7}},{"start":{"line":89,"column":6},"end":{"line":103,"column":7}}],"line":89},"22":{"loc":{"start":{"line":89,"column":10},"end":{"line":89,"column":52}},"type":"binary-expr","locations":[{"start":{"line":89,"column":10},"end":{"line":89,"column":30}},{"start":{"line":89,"column":34},"end":{"line":89,"column":52}}],"line":89},"23":{"loc":{"start":{"line":93,"column":8},"end":{"line":97,"column":9}},"type":"if","locations":[{"start":{"line":93,"column":8},"end":{"line":97,"column":9}},{"start":{"line":93,"column":8},"end":{"line":97,"column":9}}],"line":93},"24":{"loc":{"start":{"line":93,"column":12},"end":{"line":93,"column":83}},"type":"binary-expr","locations":[{"start":{"line":93,"column":12},"end":{"line":93,"column":53}},{"start":{"line":93,"column":57},"end":{"line":93,"column":83}}],"line":93},"25":{"loc":{"start":{"line":100,"column":10},"end":{"line":100,"column":50}},"type":"if","locations":[{"start":{"line":100,"column":10},"end":{"line":100,"column":50}},{"start":{"line":100,"column":10},"end":{"line":100,"column":50}}],"line":100},"26":{"loc":{"start":{"line":100,"column":14},"end":{"line":100,"column":38}},"type":"binary-expr","locations":[{"start":{"line":100,"column":14},"end":{"line":100,"column":24}},{"start":{"line":100,"column":28},"end":{"line":100,"column":38}}],"line":100},"27":{"loc":{"start":{"line":117,"column":4},"end":{"line":117,"column":45}},"type":"if","locations":[{"start":{"line":117,"column":4},"end":{"line":117,"column":45}},{"start":{"line":117,"column":4},"end":{"line":117,"column":45}}],"line":117},"28":{"loc":{"start":{"line":118,"column":4},"end":{"line":118,"column":92}},"type":"if","locations":[{"start":{"line":118,"column":4},"end":{"line":118,"column":92}},{"start":{"line":118,"column":4},"end":{"line":118,"column":92}}],"line":118},"29":{"loc":{"start":{"line":118,"column":8},"end":{"line":118,"column":38}},"type":"binary-expr","locations":[{"start":{"line":118,"column":8},"end":{"line":118,"column":19}},{"start":{"line":118,"column":23},"end":{"line":118,"column":38}}],"line":118},"30":{"loc":{"start":{"line":136,"column":4},"end":{"line":137,"column":38}},"type":"if","locations":[{"start":{"line":136,"column":4},"end":{"line":137,"column":38}},{"start":{"line":136,"column":4},"end":{"line":137,"column":38}}],"line":136},"31":{"loc":{"start":{"line":141,"column":4},"end":{"line":141,"column":45}},"type":"if","locations":[{"start":{"line":141,"column":4},"end":{"line":141,"column":45}},{"start":{"line":141,"column":4},"end":{"line":141,"column":45}}],"line":141},"32":{"loc":{"start":{"line":145,"column":27},"end":{"line":145,"column":68}},"type":"binary-expr","locations":[{"start":{"line":145,"column":27},"end":{"line":145,"column":35}},{"start":{"line":145,"column":39},"end":{"line":145,"column":68}}],"line":145},"33":{"loc":{"start":{"line":153,"column":6},"end":{"line":162,"column":7}},"type":"if","locations":[{"start":{"line":153,"column":6},"end":{"line":162,"column":7}},{"start":{"line":153,"column":6},"end":{"line":162,"column":7}}],"line":153},"34":{"loc":{"start":{"line":154,"column":29},"end":{"line":154,"column":48}},"type":"binary-expr","locations":[{"start":{"line":154,"column":29},"end":{"line":154,"column":42}},{"start":{"line":154,"column":46},"end":{"line":154,"column":48}}],"line":154},"35":{"loc":{"start":{"line":155,"column":28},"end":{"line":155,"column":81}},"type":"cond-expr","locations":[{"start":{"line":155,"column":56},"end":{"line":155,"column":57}},{"start":{"line":155,"column":60},"end":{"line":155,"column":81}}],"line":155},"36":{"loc":{"start":{"line":157,"column":8},"end":{"line":159,"column":9}},"type":"if","locations":[{"start":{"line":157,"column":8},"end":{"line":159,"column":9}},{"start":{"line":157,"column":8},"end":{"line":159,"column":9}}],"line":157},"37":{"loc":{"start":{"line":174,"column":4},"end":{"line":176,"column":5}},"type":"if","locations":[{"start":{"line":174,"column":4},"end":{"line":176,"column":5}},{"start":{"line":174,"column":4},"end":{"line":176,"column":5}}],"line":174},"38":{"loc":{"start":{"line":174,"column":8},"end":{"line":174,"column":93}},"type":"binary-expr","locations":[{"start":{"line":174,"column":8},"end":{"line":174,"column":37}},{"start":{"line":174,"column":41},"end":{"line":174,"column":93}}],"line":174},"39":{"loc":{"start":{"line":177,"column":4},"end":{"line":223,"column":5}},"type":"if","locations":[{"start":{"line":177,"column":4},"end":{"line":223,"column":5}},{"start":{"line":177,"column":4},"end":{"line":223,"column":5}}],"line":177},"40":{"loc":{"start":{"line":178,"column":6},"end":{"line":178,"column":44}},"type":"if","locations":[{"start":{"line":178,"column":6},"end":{"line":178,"column":44}},{"start":{"line":178,"column":6},"end":{"line":178,"column":44}}],"line":178},"41":{"loc":{"start":{"line":179,"column":6},"end":{"line":179,"column":74}},"type":"if","locations":[{"start":{"line":179,"column":6},"end":{"line":179,"column":74}},{"start":{"line":179,"column":6},"end":{"line":179,"column":74}}],"line":179},"42":{"loc":{"start":{"line":180,"column":6},"end":{"line":182,"column":7}},"type":"if","locations":[{"start":{"line":180,"column":6},"end":{"line":182,"column":7}},{"start":{"line":180,"column":6},"end":{"line":182,"column":7}}],"line":180},"43":{"loc":{"start":{"line":180,"column":10},"end":{"line":180,"column":86}},"type":"binary-expr","locations":[{"start":{"line":180,"column":10},"end":{"line":180,"column":42}},{"start":{"line":180,"column":46},"end":{"line":180,"column":86}}],"line":180},"44":{"loc":{"start":{"line":183,"column":6},"end":{"line":197,"column":7}},"type":"if","locations":[{"start":{"line":183,"column":6},"end":{"line":197,"column":7}},{"start":{"line":183,"column":6},"end":{"line":197,"column":7}}],"line":183},"45":{"loc":{"start":{"line":183,"column":10},"end":{"line":183,"column":74}},"type":"binary-expr","locations":[{"start":{"line":183,"column":10},"end":{"line":183,"column":38}},{"start":{"line":183,"column":42},"end":{"line":183,"column":74}}],"line":183},"46":{"loc":{"start":{"line":184,"column":8},"end":{"line":184,"column":83}},"type":"if","locations":[{"start":{"line":184,"column":8},"end":{"line":184,"column":83}},{"start":{"line":184,"column":8},"end":{"line":184,"column":83}}],"line":184},"47":{"loc":{"start":{"line":186,"column":10},"end":{"line":188,"column":11}},"type":"if","locations":[{"start":{"line":186,"column":10},"end":{"line":188,"column":11}},{"start":{"line":186,"column":10},"end":{"line":188,"column":11}}],"line":186},"48":{"loc":{"start":{"line":186,"column":14},"end":{"line":186,"column":94}},"type":"binary-expr","locations":[{"start":{"line":186,"column":14},"end":{"line":186,"column":43}},{"start":{"line":186,"column":47},"end":{"line":186,"column":94}}],"line":186},"49":{"loc":{"start":{"line":189,"column":10},"end":{"line":195,"column":11}},"type":"if","locations":[{"start":{"line":189,"column":10},"end":{"line":195,"column":11}},{"start":{"line":189,"column":10},"end":{"line":195,"column":11}}],"line":189},"50":{"loc":{"start":{"line":190,"column":12},"end":{"line":191,"column":69}},"type":"binary-expr","locations":[{"start":{"line":190,"column":12},"end":{"line":190,"column":46}},{"start":{"line":191,"column":12},"end":{"line":191,"column":69}}],"line":190},"51":{"loc":{"start":{"line":198,"column":6},"end":{"line":222,"column":7}},"type":"if","locations":[{"start":{"line":198,"column":6},"end":{"line":222,"column":7}},{"start":{"line":198,"column":6},"end":{"line":222,"column":7}}],"line":198},"52":{"loc":{"start":{"line":199,"column":8},"end":{"line":221,"column":9}},"type":"if","locations":[{"start":{"line":199,"column":8},"end":{"line":221,"column":9}},{"start":{"line":199,"column":8},"end":{"line":221,"column":9}}],"line":199},"53":{"loc":{"start":{"line":200,"column":10},"end":{"line":207,"column":50}},"type":"binary-expr","locations":[{"start":{"line":200,"column":10},"end":{"line":200,"column":58}},{"start":{"line":201,"column":10},"end":{"line":207,"column":50}}],"line":200},"54":{"loc":{"start":{"line":214,"column":10},"end":{"line":217,"column":11}},"type":"if","locations":[{"start":{"line":214,"column":10},"end":{"line":217,"column":11}},{"start":{"line":214,"column":10},"end":{"line":217,"column":11}}],"line":214},"55":{"loc":{"start":{"line":218,"column":10},"end":{"line":220,"column":11}},"type":"if","locations":[{"start":{"line":218,"column":10},"end":{"line":220,"column":11}},{"start":{"line":218,"column":10},"end":{"line":220,"column":11}}],"line":218},"56":{"loc":{"start":{"line":224,"column":4},"end":{"line":238,"column":5}},"type":"if","locations":[{"start":{"line":224,"column":4},"end":{"line":238,"column":5}},{"start":{"line":224,"column":4},"end":{"line":238,"column":5}}],"line":224},"57":{"loc":{"start":{"line":225,"column":6},"end":{"line":225,"column":67}},"type":"if","locations":[{"start":{"line":225,"column":6},"end":{"line":225,"column":67}},{"start":{"line":225,"column":6},"end":{"line":225,"column":67}}],"line":225},"58":{"loc":{"start":{"line":227,"column":8},"end":{"line":229,"column":9}},"type":"if","locations":[{"start":{"line":227,"column":8},"end":{"line":229,"column":9}},{"start":{"line":227,"column":8},"end":{"line":229,"column":9}}],"line":227},"59":{"loc":{"start":{"line":227,"column":12},"end":{"line":227,"column":92}},"type":"binary-expr","locations":[{"start":{"line":227,"column":12},"end":{"line":227,"column":41}},{"start":{"line":227,"column":45},"end":{"line":227,"column":92}}],"line":227},"60":{"loc":{"start":{"line":230,"column":8},"end":{"line":236,"column":9}},"type":"if","locations":[{"start":{"line":230,"column":8},"end":{"line":236,"column":9}},{"start":{"line":230,"column":8},"end":{"line":236,"column":9}}],"line":230},"61":{"loc":{"start":{"line":231,"column":10},"end":{"line":232,"column":67}},"type":"binary-expr","locations":[{"start":{"line":231,"column":10},"end":{"line":231,"column":44}},{"start":{"line":232,"column":10},"end":{"line":232,"column":67}}],"line":231},"62":{"loc":{"start":{"line":240,"column":4},"end":{"line":240,"column":58}},"type":"if","locations":[{"start":{"line":240,"column":4},"end":{"line":240,"column":58}},{"start":{"line":240,"column":4},"end":{"line":240,"column":58}}],"line":240},"63":{"loc":{"start":{"line":250,"column":6},"end":{"line":265,"column":7}},"type":"if","locations":[{"start":{"line":250,"column":6},"end":{"line":265,"column":7}},{"start":{"line":250,"column":6},"end":{"line":265,"column":7}}],"line":250},"64":{"loc":{"start":{"line":253,"column":12},"end":{"line":253,"column":90}},"type":"if","locations":[{"start":{"line":253,"column":12},"end":{"line":253,"column":90}},{"start":{"line":253,"column":12},"end":{"line":253,"column":90}}],"line":253},"65":{"loc":{"start":{"line":254,"column":19},"end":{"line":260,"column":22}},"type":"cond-expr","locations":[{"start":{"line":255,"column":16},"end":{"line":255,"column":48}},{"start":{"line":256,"column":16},"end":{"line":260,"column":22}}],"line":254},"66":{"loc":{"start":{"line":254,"column":33},"end":{"line":254,"column":58}},"type":"binary-expr","locations":[{"start":{"line":254,"column":33},"end":{"line":254,"column":45}},{"start":{"line":254,"column":49},"end":{"line":254,"column":58}}],"line":254},"67":{"loc":{"start":{"line":255,"column":16},"end":{"line":255,"column":48}},"type":"binary-expr","locations":[{"start":{"line":255,"column":16},"end":{"line":255,"column":28}},{"start":{"line":255,"column":32},"end":{"line":255,"column":48}}],"line":255},"68":{"loc":{"start":{"line":256,"column":28},"end":{"line":256,"column":53}},"type":"binary-expr","locations":[{"start":{"line":256,"column":28},"end":{"line":256,"column":40}},{"start":{"line":256,"column":44},"end":{"line":256,"column":53}}],"line":256},"69":{"loc":{"start":{"line":257,"column":18},"end":{"line":258,"column":50}},"type":"if","locations":[{"start":{"line":257,"column":18},"end":{"line":258,"column":50}},{"start":{"line":257,"column":18},"end":{"line":258,"column":50}}],"line":257},"70":{"loc":{"start":{"line":266,"column":6},"end":{"line":266,"column":46}},"type":"if","locations":[{"start":{"line":266,"column":6},"end":{"line":266,"column":46}},{"start":{"line":266,"column":6},"end":{"line":266,"column":46}}],"line":266}},"s":{"0":6,"1":6,"2":47,"3":3,"4":3,"5":3,"6":28,"7":2,"8":26,"9":1,"10":1,"11":3,"12":144,"13":3,"14":0,"15":3,"16":1,"17":15,"18":15,"19":2,"20":13,"21":1,"22":15,"23":15,"24":15,"25":15,"26":15,"27":15,"28":15,"29":15,"30":15,"31":15,"32":15,"33":15,"34":15,"35":15,"36":14,"37":14,"38":14,"39":10,"40":4,"41":4,"42":0,"43":15,"44":60,"45":15,"46":1,"47":2,"48":1,"49":1,"50":1,"51":1,"52":1,"53":1,"54":0,"55":1,"56":1,"57":48,"58":1,"59":1,"60":1,"61":48,"62":48,"63":14,"64":48,"65":4,"66":2,"67":4,"68":0,"69":4,"70":0,"71":4,"72":2,"73":2,"74":2,"75":2,"76":10,"77":9,"78":9,"79":8,"80":1,"81":10,"82":2,"83":9,"84":9,"85":398,"86":9,"87":398,"88":9,"89":9,"90":9,"91":398,"92":94,"93":94,"94":304,"95":15,"96":304,"97":304,"98":13,"99":13,"100":48,"101":1,"102":12,"103":9,"104":0,"105":9,"106":56,"107":1,"108":8,"109":0,"110":0,"111":0,"112":8,"113":7,"114":7,"115":302,"116":0,"117":0,"118":0,"119":0,"120":0,"121":0,"122":0,"123":1,"124":1,"125":3,"126":48,"127":48,"128":144,"129":1,"130":1,"131":3,"132":3,"133":1,"134":1,"135":1,"136":48,"137":0,"138":0,"139":3,"140":1,"141":0,"142":1,"143":3,"144":1,"145":3,"146":0,"147":0,"148":0,"149":3,"150":1,"151":2,"152":15,"153":15,"154":14,"155":11,"156":8,"157":15,"158":48,"159":7,"160":41,"161":42,"162":21,"163":21,"164":42,"165":8,"166":8,"167":3,"168":2,"169":1,"170":4,"171":4,"172":1},"f":{"0":6,"1":47,"2":28,"3":1,"4":144,"5":15,"6":14,"7":15,"8":60,"9":2,"10":0,"11":48,"12":48,"13":4,"14":4,"15":2,"16":10,"17":10,"18":398,"19":398,"20":9,"21":398,"22":13,"23":48,"24":56,"25":0,"26":0,"27":302,"28":0,"29":3,"30":48,"31":144,"32":3,"33":48,"34":0,"35":15,"36":15,"37":48,"38":42},"b":{"0":[3,3],"1":[2,26],"2":[0,3],"3":[5],"4":[13],"5":[15],"6":[2,13],"7":[1,12],"8":[15,13],"9":[15,13],"10":[15,13],"11":[15,13],"12":[15,14],"13":[8,6],"14":[15,15,13],"15":[15,15],"16":[10,4],"17":[4,0],"18":[4,1],"19":[1,14],"20":[1,1],"21":[1,0],"22":[1,1],"23":[1,0],"24":[1,1],"25":[14,34],"26":[48,46],"27":[0,4],"28":[0,4],"29":[4,0],"30":[8,1],"31":[2,8],"32":[9,9],"33":[94,304],"34":[94,0],"35":[0,94],"36":[15,289],"37":[1,12],"38":[13,1],"39":[9,3],"40":[0,9],"41":[1,8],"42":[0,8],"43":[8,0],"44":[7,1],"45":[8,7],"46":[7,0],"47":[0,0],"48":[0,0],"49":[0,0],"50":[0,0],"51":[1,0],"52":[1,0],"53":[1,1],"54":[1,0],"55":[0,0],"56":[1,2],"57":[0,1],"58":[1,2],"59":[3,3],"60":[0,3],"61":[3,0],"62":[1,2],"63":[8,3],"64":[7,41],"65":[27,14],"66":[41,34],"67":[27,27],"68":[14,7],"69":[21,21],"70":[2,1]},"_coverageSchema":"332fd63041d2c1bcb487cc26dd0d5f7d97098a6c","hash":"5159bdcf629221aea37cffc1f6b394b5ce8e956b"}
}
