{"/home/tom/Code Projects/citytaps/class/Context.js": {"path":"/home/tom/Code Projects/citytaps/class/Context.js","statementMap":{"0":{"start":{"line":1,"column":22},"end":{"line":1,"column":48}},"1":{"start":{"line":5,"column":4},"end":{"line":5,"column":19}},"2":{"start":{"line":7,"column":4},"end":{"line":7,"column":32}},"3":{"start":{"line":8,"column":4},"end":{"line":8,"column":37}},"4":{"start":{"line":9,"column":4},"end":{"line":9,"column":33}},"5":{"start":{"line":10,"column":4},"end":{"line":10,"column":24}},"6":{"start":{"line":11,"column":4},"end":{"line":11,"column":28}},"7":{"start":{"line":12,"column":4},"end":{"line":12,"column":23}},"8":{"start":{"line":13,"column":4},"end":{"line":13,"column":25}},"9":{"start":{"line":14,"column":4},"end":{"line":14,"column":27}},"10":{"start":{"line":18,"column":4},"end":{"line":18,"column":42}},"11":{"start":{"line":18,"column":30},"end":{"line":18,"column":42}},"12":{"start":{"line":19,"column":4},"end":{"line":19,"column":37}},"13":{"start":{"line":23,"column":4},"end":{"line":23,"column":53}},"14":{"start":{"line":24,"column":17},"end":{"line":24,"column":33}},"15":{"start":{"line":25,"column":4},"end":{"line":25,"column":56}},"16":{"start":{"line":25,"column":28},"end":{"line":25,"column":56}},"17":{"start":{"line":26,"column":4},"end":{"line":26,"column":79}},"18":{"start":{"line":26,"column":50},"end":{"line":26,"column":79}},"19":{"start":{"line":27,"column":4},"end":{"line":27,"column":35}},"20":{"start":{"line":31,"column":18},"end":{"line":31,"column":91}},"21":{"start":{"line":31,"column":73},"end":{"line":31,"column":90}},"22":{"start":{"line":32,"column":4},"end":{"line":36,"column":5}},"23":{"start":{"line":33,"column":6},"end":{"line":35,"column":8}},"24":{"start":{"line":40,"column":4},"end":{"line":44,"column":5}},"25":{"start":{"line":41,"column":6},"end":{"line":43,"column":8}},"26":{"start":{"line":45,"column":4},"end":{"line":68,"column":5}},"27":{"start":{"line":46,"column":6},"end":{"line":67,"column":7}},"28":{"start":{"line":47,"column":21},"end":{"line":47,"column":26}},"29":{"start":{"line":48,"column":18},"end":{"line":48,"column":26}},"30":{"start":{"line":49,"column":18},"end":{"line":49,"column":26}},"31":{"start":{"line":50,"column":21},"end":{"line":50,"column":35}},"32":{"start":{"line":50,"column":30},"end":{"line":50,"column":35}},"33":{"start":{"line":51,"column":8},"end":{"line":59,"column":9}},"34":{"start":{"line":55,"column":10},"end":{"line":55,"column":24}},"35":{"start":{"line":56,"column":10},"end":{"line":56,"column":39}},"36":{"start":{"line":56,"column":28},"end":{"line":56,"column":38}},"37":{"start":{"line":57,"column":10},"end":{"line":57,"column":53}},"38":{"start":{"line":58,"column":10},"end":{"line":58,"column":53}},"39":{"start":{"line":60,"column":8},"end":{"line":66,"column":15}},"40":{"start":{"line":61,"column":22},"end":{"line":61,"column":36}},"41":{"start":{"line":62,"column":10},"end":{"line":62,"column":80}},"42":{"start":{"line":63,"column":10},"end":{"line":64,"column":70}},"43":{"start":{"line":63,"column":56},"end":{"line":63,"column":66}},"44":{"start":{"line":64,"column":15},"end":{"line":64,"column":70}},"45":{"start":{"line":64,"column":60},"end":{"line":64,"column":70}},"46":{"start":{"line":65,"column":10},"end":{"line":65,"column":19}},"47":{"start":{"line":72,"column":0},"end":{"line":72,"column":25}},"48":{"start":{"line":73,"column":0},"end":{"line":73,"column":33}}},"fnMap":{"0":{"name":"(anonymous_0)","decl":{"start":{"line":4,"column":2},"end":{"line":4,"column":3}},"loc":{"start":{"line":4,"column":23},"end":{"line":15,"column":3}},"line":4},"1":{"name":"(anonymous_1)","decl":{"start":{"line":17,"column":2},"end":{"line":17,"column":3}},"loc":{"start":{"line":17,"column":18},"end":{"line":20,"column":3}},"line":17},"2":{"name":"(anonymous_2)","decl":{"start":{"line":22,"column":2},"end":{"line":22,"column":3}},"loc":{"start":{"line":22,"column":24},"end":{"line":28,"column":3}},"line":22},"3":{"name":"(anonymous_3)","decl":{"start":{"line":30,"column":2},"end":{"line":30,"column":3}},"loc":{"start":{"line":30,"column":23},"end":{"line":37,"column":3}},"line":30},"4":{"name":"(anonymous_4)","decl":{"start":{"line":31,"column":66},"end":{"line":31,"column":67}},"loc":{"start":{"line":31,"column":73},"end":{"line":31,"column":90}},"line":31},"5":{"name":"(anonymous_5)","decl":{"start":{"line":39,"column":2},"end":{"line":39,"column":3}},"loc":{"start":{"line":39,"column":15},"end":{"line":69,"column":3}},"line":39},"6":{"name":"(anonymous_6)","decl":{"start":{"line":50,"column":21},"end":{"line":50,"column":22}},"loc":{"start":{"line":50,"column":30},"end":{"line":50,"column":35}},"line":50},"7":{"name":"(anonymous_7)","decl":{"start":{"line":56,"column":19},"end":{"line":56,"column":20}},"loc":{"start":{"line":56,"column":28},"end":{"line":56,"column":38}},"line":56},"8":{"name":"(anonymous_8)","decl":{"start":{"line":60,"column":32},"end":{"line":60,"column":33}},"loc":{"start":{"line":60,"column":45},"end":{"line":66,"column":9}},"line":60}},"branchMap":{"0":{"loc":{"start":{"line":18,"column":4},"end":{"line":18,"column":42}},"type":"if","locations":[{"start":{"line":18,"column":4},"end":{"line":18,"column":42}},{"start":{"line":18,"column":4},"end":{"line":18,"column":42}}],"line":18},"1":{"loc":{"start":{"line":25,"column":4},"end":{"line":25,"column":56}},"type":"if","locations":[{"start":{"line":25,"column":4},"end":{"line":25,"column":56}},{"start":{"line":25,"column":4},"end":{"line":25,"column":56}}],"line":25},"2":{"loc":{"start":{"line":26,"column":4},"end":{"line":26,"column":79}},"type":"if","locations":[{"start":{"line":26,"column":4},"end":{"line":26,"column":79}},{"start":{"line":26,"column":4},"end":{"line":26,"column":79}}],"line":26},"3":{"loc":{"start":{"line":26,"column":8},"end":{"line":26,"column":48}},"type":"binary-expr","locations":[{"start":{"line":26,"column":8},"end":{"line":26,"column":25}},{"start":{"line":26,"column":29},"end":{"line":26,"column":48}}],"line":26},"4":{"loc":{"start":{"line":32,"column":4},"end":{"line":36,"column":5}},"type":"if","locations":[{"start":{"line":32,"column":4},"end":{"line":36,"column":5}},{"start":{"line":32,"column":4},"end":{"line":36,"column":5}}],"line":32},"5":{"loc":{"start":{"line":40,"column":4},"end":{"line":44,"column":5}},"type":"if","locations":[{"start":{"line":40,"column":4},"end":{"line":44,"column":5}},{"start":{"line":40,"column":4},"end":{"line":44,"column":5}}],"line":40},"6":{"loc":{"start":{"line":46,"column":6},"end":{"line":67,"column":7}},"type":"if","locations":[{"start":{"line":46,"column":6},"end":{"line":67,"column":7}},{"start":{"line":46,"column":6},"end":{"line":67,"column":7}}],"line":46},"7":{"loc":{"start":{"line":46,"column":10},"end":{"line":46,"column":52}},"type":"binary-expr","locations":[{"start":{"line":46,"column":10},"end":{"line":46,"column":30}},{"start":{"line":46,"column":34},"end":{"line":46,"column":52}}],"line":46},"8":{"loc":{"start":{"line":51,"column":8},"end":{"line":59,"column":9}},"type":"if","locations":[{"start":{"line":51,"column":8},"end":{"line":59,"column":9}},{"start":{"line":51,"column":8},"end":{"line":59,"column":9}}],"line":51},"9":{"loc":{"start":{"line":52,"column":10},"end":{"line":53,"column":44}},"type":"binary-expr","locations":[{"start":{"line":52,"column":10},"end":{"line":52,"column":67}},{"start":{"line":53,"column":10},"end":{"line":53,"column":44}}],"line":52},"10":{"loc":{"start":{"line":63,"column":10},"end":{"line":64,"column":70}},"type":"if","locations":[{"start":{"line":63,"column":10},"end":{"line":64,"column":70}},{"start":{"line":63,"column":10},"end":{"line":64,"column":70}}],"line":63},"11":{"loc":{"start":{"line":63,"column":14},"end":{"line":63,"column":54}},"type":"binary-expr","locations":[{"start":{"line":63,"column":14},"end":{"line":63,"column":20}},{"start":{"line":63,"column":25},"end":{"line":63,"column":37}},{"start":{"line":63,"column":41},"end":{"line":63,"column":53}}],"line":63},"12":{"loc":{"start":{"line":64,"column":15},"end":{"line":64,"column":70}},"type":"if","locations":[{"start":{"line":64,"column":15},"end":{"line":64,"column":70}},{"start":{"line":64,"column":15},"end":{"line":64,"column":70}}],"line":64},"13":{"loc":{"start":{"line":64,"column":19},"end":{"line":64,"column":58}},"type":"binary-expr","locations":[{"start":{"line":64,"column":19},"end":{"line":64,"column":26}},{"start":{"line":64,"column":30},"end":{"line":64,"column":42}},{"start":{"line":64,"column":46},"end":{"line":64,"column":58}}],"line":64}},"s":{"0":1,"1":24,"2":24,"3":24,"4":24,"5":24,"6":24,"7":24,"8":24,"9":24,"10":4,"11":2,"12":2,"13":23,"14":23,"15":23,"16":18,"17":5,"18":4,"19":1,"20":24,"21":96,"22":24,"23":1,"24":5,"25":1,"26":4,"27":4,"28":2,"29":2,"30":2,"31":2,"32":48,"33":2,"34":1,"35":1,"36":48,"37":1,"38":1,"39":2,"40":96,"41":96,"42":96,"43":18,"44":78,"45":25,"46":96,"47":1,"48":1},"f":{"0":24,"1":4,"2":23,"3":24,"4":96,"5":5,"6":48,"7":48,"8":96},"b":{"0":[2,2],"1":[18,5],"2":[4,1],"3":[5,1],"4":[1,23],"5":[1,4],"6":[2,2],"7":[4,2],"8":[1,1],"9":[2,2],"10":[18,78],"11":[96,48,44],"12":[25,53],"13":[78,48,48]},"_coverageSchema":"332fd63041d2c1bcb487cc26dd0d5f7d97098a6c","hash":"9e8587c7636f6ab2309e1e1803968bff634494ab"}
,"/home/tom/Code Projects/citytaps/class/DataExtractor.js": {"path":"/home/tom/Code Projects/citytaps/class/DataExtractor.js","statementMap":{"0":{"start":{"line":2,"column":16},"end":{"line":2,"column":24}},"1":{"start":{"line":3,"column":2},"end":{"line":3,"column":48}},"2":{"start":{"line":3,"column":23},"end":{"line":3,"column":32}},"3":{"start":{"line":3,"column":35},"end":{"line":3,"column":48}},"4":{"start":{"line":4,"column":15},"end":{"line":4,"column":44}},"5":{"start":{"line":5,"column":2},"end":{"line":8,"column":5}},"6":{"start":{"line":6,"column":4},"end":{"line":6,"column":72}},"7":{"start":{"line":6,"column":30},"end":{"line":6,"column":72}},"8":{"start":{"line":7,"column":4},"end":{"line":7,"column":46}},"9":{"start":{"line":12,"column":16},"end":{"line":12,"column":41}},"10":{"start":{"line":13,"column":2},"end":{"line":17,"column":3}},"11":{"start":{"line":14,"column":16},"end":{"line":14,"column":44}},"12":{"start":{"line":14,"column":30},"end":{"line":14,"column":43}},"13":{"start":{"line":15,"column":4},"end":{"line":15,"column":66}},"14":{"start":{"line":15,"column":37},"end":{"line":15,"column":66}},"15":{"start":{"line":16,"column":4},"end":{"line":16,"column":25}},"16":{"start":{"line":18,"column":2},"end":{"line":18,"column":15}},"17":{"start":{"line":28,"column":17},"end":{"line":28,"column":19}},"18":{"start":{"line":29,"column":22},"end":{"line":29,"column":24}},"19":{"start":{"line":33,"column":4},"end":{"line":107,"column":5}},"20":{"start":{"line":33,"column":64},"end":{"line":33,"column":82}},"21":{"start":{"line":34,"column":6},"end":{"line":34,"column":29}},"22":{"start":{"line":35,"column":11},"end":{"line":107,"column":5}},"23":{"start":{"line":37,"column":6},"end":{"line":37,"column":39}},"24":{"start":{"line":37,"column":29},"end":{"line":37,"column":39}},"25":{"start":{"line":38,"column":6},"end":{"line":38,"column":64}},"26":{"start":{"line":38,"column":27},"end":{"line":38,"column":49}},"27":{"start":{"line":38,"column":52},"end":{"line":38,"column":64}},"28":{"start":{"line":39,"column":6},"end":{"line":42,"column":7}},"29":{"start":{"line":39,"column":58},"end":{"line":39,"column":75}},"30":{"start":{"line":40,"column":8},"end":{"line":40,"column":47}},"31":{"start":{"line":40,"column":35},"end":{"line":40,"column":45}},"32":{"start":{"line":41,"column":8},"end":{"line":41,"column":20}},"33":{"start":{"line":43,"column":6},"end":{"line":68,"column":7}},"34":{"start":{"line":44,"column":8},"end":{"line":44,"column":78}},"35":{"start":{"line":44,"column":32},"end":{"line":44,"column":78}},"36":{"start":{"line":44,"column":54},"end":{"line":44,"column":76}},"37":{"start":{"line":45,"column":8},"end":{"line":67,"column":9}},"38":{"start":{"line":46,"column":10},"end":{"line":50,"column":11}},"39":{"start":{"line":47,"column":12},"end":{"line":47,"column":27}},"40":{"start":{"line":48,"column":12},"end":{"line":48,"column":42}},"41":{"start":{"line":49,"column":12},"end":{"line":49,"column":27}},"42":{"start":{"line":51,"column":10},"end":{"line":54,"column":11}},"43":{"start":{"line":52,"column":22},"end":{"line":52,"column":45}},"44":{"start":{"line":52,"column":37},"end":{"line":52,"column":44}},"45":{"start":{"line":53,"column":12},"end":{"line":53,"column":74}},"46":{"start":{"line":53,"column":54},"end":{"line":53,"column":74}},"47":{"start":{"line":55,"column":10},"end":{"line":57,"column":11}},"48":{"start":{"line":56,"column":12},"end":{"line":56,"column":27}},"49":{"start":{"line":58,"column":10},"end":{"line":66,"column":11}},"50":{"start":{"line":60,"column":48},"end":{"line":60,"column":66}},"51":{"start":{"line":62,"column":12},"end":{"line":62,"column":27}},"52":{"start":{"line":63,"column":12},"end":{"line":63,"column":75}},"53":{"start":{"line":63,"column":63},"end":{"line":63,"column":73}},"54":{"start":{"line":64,"column":12},"end":{"line":64,"column":73}},"55":{"start":{"line":64,"column":61},"end":{"line":64,"column":71}},"56":{"start":{"line":65,"column":12},"end":{"line":65,"column":27}},"57":{"start":{"line":69,"column":6},"end":{"line":93,"column":7}},"58":{"start":{"line":70,"column":8},"end":{"line":92,"column":9}},"59":{"start":{"line":71,"column":30},"end":{"line":71,"column":52}},"60":{"start":{"line":75,"column":14},"end":{"line":75,"column":31}},"61":{"start":{"line":76,"column":14},"end":{"line":76,"column":23}},"62":{"start":{"line":78,"column":28},"end":{"line":78,"column":49}},"63":{"start":{"line":80,"column":25},"end":{"line":80,"column":72}},"64":{"start":{"line":81,"column":10},"end":{"line":84,"column":17}},"65":{"start":{"line":82,"column":12},"end":{"line":82,"column":33}},"66":{"start":{"line":83,"column":12},"end":{"line":83,"column":21}},"67":{"start":{"line":85,"column":10},"end":{"line":88,"column":11}},"68":{"start":{"line":86,"column":30},"end":{"line":86,"column":65}},"69":{"start":{"line":87,"column":12},"end":{"line":87,"column":58}},"70":{"start":{"line":87,"column":43},"end":{"line":87,"column":56}},"71":{"start":{"line":89,"column":10},"end":{"line":91,"column":11}},"72":{"start":{"line":90,"column":12},"end":{"line":90,"column":29}},"73":{"start":{"line":94,"column":11},"end":{"line":107,"column":5}},"74":{"start":{"line":97,"column":6},"end":{"line":97,"column":62}},"75":{"start":{"line":97,"column":30},"end":{"line":97,"column":62}},"76":{"start":{"line":98,"column":6},"end":{"line":106,"column":7}},"77":{"start":{"line":99,"column":8},"end":{"line":101,"column":9}},"78":{"start":{"line":100,"column":10},"end":{"line":100,"column":25}},"79":{"start":{"line":102,"column":8},"end":{"line":105,"column":9}},"80":{"start":{"line":102,"column":78},"end":{"line":102,"column":96}},"81":{"start":{"line":103,"column":10},"end":{"line":103,"column":48}},"82":{"start":{"line":104,"column":10},"end":{"line":104,"column":25}},"83":{"start":{"line":108,"column":4},"end":{"line":108,"column":52}},"84":{"start":{"line":108,"column":32},"end":{"line":108,"column":52}},"85":{"start":{"line":109,"column":4},"end":{"line":109,"column":93}},"86":{"start":{"line":109,"column":27},"end":{"line":109,"column":93}},"87":{"start":{"line":110,"column":4},"end":{"line":112,"column":6}},"88":{"start":{"line":116,"column":4},"end":{"line":118,"column":5}},"89":{"start":{"line":117,"column":6},"end":{"line":117,"column":68}},"90":{"start":{"line":119,"column":18},"end":{"line":119,"column":20}},"91":{"start":{"line":121,"column":4},"end":{"line":123,"column":7}},"92":{"start":{"line":122,"column":6},"end":{"line":122,"column":55}},"93":{"start":{"line":124,"column":22},"end":{"line":124,"column":42}},"94":{"start":{"line":125,"column":4},"end":{"line":125,"column":21}},"95":{"start":{"line":129,"column":0},"end":{"line":129,"column":31}},"96":{"start":{"line":130,"column":0},"end":{"line":130,"column":39}}},"fnMap":{"0":{"name":"isNotIncrementingOrNaN","decl":{"start":{"line":1,"column":9},"end":{"line":1,"column":31}},"loc":{"start":{"line":1,"column":37},"end":{"line":9,"column":1}},"line":1},"1":{"name":"(anonymous_1)","decl":{"start":{"line":3,"column":17},"end":{"line":3,"column":18}},"loc":{"start":{"line":3,"column":23},"end":{"line":3,"column":32}},"line":3},"2":{"name":"(anonymous_2)","decl":{"start":{"line":5,"column":20},"end":{"line":5,"column":21}},"loc":{"start":{"line":5,"column":36},"end":{"line":8,"column":3}},"line":5},"3":{"name":"isNotIncrementingOrNaNTranslated","decl":{"start":{"line":11,"column":9},"end":{"line":11,"column":41}},"loc":{"start":{"line":11,"column":47},"end":{"line":19,"column":1}},"line":11},"4":{"name":"(anonymous_4)","decl":{"start":{"line":14,"column":24},"end":{"line":14,"column":25}},"loc":{"start":{"line":14,"column":30},"end":{"line":14,"column":43}},"line":14},"5":{"name":"(anonymous_5)","decl":{"start":{"line":27,"column":2},"end":{"line":27,"column":3}},"loc":{"start":{"line":27,"column":29},"end":{"line":113,"column":3}},"line":27},"6":{"name":"(anonymous_6)","decl":{"start":{"line":33,"column":58},"end":{"line":33,"column":59}},"loc":{"start":{"line":33,"column":64},"end":{"line":33,"column":82}},"line":33},"7":{"name":"(anonymous_7)","decl":{"start":{"line":38,"column":21},"end":{"line":38,"column":22}},"loc":{"start":{"line":38,"column":27},"end":{"line":38,"column":49}},"line":38},"8":{"name":"(anonymous_8)","decl":{"start":{"line":39,"column":52},"end":{"line":39,"column":53}},"loc":{"start":{"line":39,"column":58},"end":{"line":39,"column":75}},"line":39},"9":{"name":"(anonymous_9)","decl":{"start":{"line":40,"column":29},"end":{"line":40,"column":30}},"loc":{"start":{"line":40,"column":35},"end":{"line":40,"column":45}},"line":40},"10":{"name":"(anonymous_10)","decl":{"start":{"line":44,"column":48},"end":{"line":44,"column":49}},"loc":{"start":{"line":44,"column":54},"end":{"line":44,"column":76}},"line":44},"11":{"name":"(anonymous_11)","decl":{"start":{"line":52,"column":31},"end":{"line":52,"column":32}},"loc":{"start":{"line":52,"column":37},"end":{"line":52,"column":44}},"line":52},"12":{"name":"(anonymous_12)","decl":{"start":{"line":60,"column":42},"end":{"line":60,"column":43}},"loc":{"start":{"line":60,"column":48},"end":{"line":60,"column":66}},"line":60},"13":{"name":"(anonymous_13)","decl":{"start":{"line":63,"column":57},"end":{"line":63,"column":58}},"loc":{"start":{"line":63,"column":63},"end":{"line":63,"column":73}},"line":63},"14":{"name":"(anonymous_14)","decl":{"start":{"line":64,"column":55},"end":{"line":64,"column":56}},"loc":{"start":{"line":64,"column":61},"end":{"line":64,"column":71}},"line":64},"15":{"name":"(anonymous_15)","decl":{"start":{"line":71,"column":24},"end":{"line":71,"column":25}},"loc":{"start":{"line":71,"column":30},"end":{"line":71,"column":52}},"line":71},"16":{"name":"(anonymous_16)","decl":{"start":{"line":74,"column":20},"end":{"line":74,"column":21}},"loc":{"start":{"line":74,"column":30},"end":{"line":77,"column":13}},"line":74},"17":{"name":"(anonymous_17)","decl":{"start":{"line":78,"column":19},"end":{"line":78,"column":20}},"loc":{"start":{"line":78,"column":28},"end":{"line":78,"column":49}},"line":78},"18":{"name":"(anonymous_18)","decl":{"start":{"line":81,"column":40},"end":{"line":81,"column":41}},"loc":{"start":{"line":81,"column":53},"end":{"line":84,"column":11}},"line":81},"19":{"name":"(anonymous_19)","decl":{"start":{"line":87,"column":37},"end":{"line":87,"column":38}},"loc":{"start":{"line":87,"column":43},"end":{"line":87,"column":56}},"line":87},"20":{"name":"(anonymous_20)","decl":{"start":{"line":102,"column":72},"end":{"line":102,"column":73}},"loc":{"start":{"line":102,"column":78},"end":{"line":102,"column":96}},"line":102},"21":{"name":"(anonymous_21)","decl":{"start":{"line":115,"column":2},"end":{"line":115,"column":3}},"loc":{"start":{"line":115,"column":24},"end":{"line":126,"column":3}},"line":115},"22":{"name":"(anonymous_22)","decl":{"start":{"line":121,"column":17},"end":{"line":121,"column":18}},"loc":{"start":{"line":121,"column":23},"end":{"line":123,"column":5}},"line":121}},"branchMap":{"0":{"loc":{"start":{"line":3,"column":2},"end":{"line":3,"column":48}},"type":"if","locations":[{"start":{"line":3,"column":2},"end":{"line":3,"column":48}},{"start":{"line":3,"column":2},"end":{"line":3,"column":48}}],"line":3},"1":{"loc":{"start":{"line":6,"column":4},"end":{"line":6,"column":72}},"type":"if","locations":[{"start":{"line":6,"column":4},"end":{"line":6,"column":72}},{"start":{"line":6,"column":4},"end":{"line":6,"column":72}}],"line":6},"2":{"loc":{"start":{"line":15,"column":4},"end":{"line":15,"column":66}},"type":"if","locations":[{"start":{"line":15,"column":4},"end":{"line":15,"column":66}},{"start":{"line":15,"column":4},"end":{"line":15,"column":66}}],"line":15},"3":{"loc":{"start":{"line":33,"column":4},"end":{"line":107,"column":5}},"type":"if","locations":[{"start":{"line":33,"column":4},"end":{"line":107,"column":5}},{"start":{"line":33,"column":4},"end":{"line":107,"column":5}}],"line":33},"4":{"loc":{"start":{"line":33,"column":8},"end":{"line":33,"column":83}},"type":"binary-expr","locations":[{"start":{"line":33,"column":8},"end":{"line":33,"column":32}},{"start":{"line":33,"column":36},"end":{"line":33,"column":83}}],"line":33},"5":{"loc":{"start":{"line":35,"column":11},"end":{"line":107,"column":5}},"type":"if","locations":[{"start":{"line":35,"column":11},"end":{"line":107,"column":5}},{"start":{"line":35,"column":11},"end":{"line":107,"column":5}}],"line":35},"6":{"loc":{"start":{"line":37,"column":6},"end":{"line":37,"column":39}},"type":"if","locations":[{"start":{"line":37,"column":6},"end":{"line":37,"column":39}},{"start":{"line":37,"column":6},"end":{"line":37,"column":39}}],"line":37},"7":{"loc":{"start":{"line":38,"column":6},"end":{"line":38,"column":64}},"type":"if","locations":[{"start":{"line":38,"column":6},"end":{"line":38,"column":64}},{"start":{"line":38,"column":6},"end":{"line":38,"column":64}}],"line":38},"8":{"loc":{"start":{"line":39,"column":6},"end":{"line":42,"column":7}},"type":"if","locations":[{"start":{"line":39,"column":6},"end":{"line":42,"column":7}},{"start":{"line":39,"column":6},"end":{"line":42,"column":7}}],"line":39},"9":{"loc":{"start":{"line":39,"column":10},"end":{"line":39,"column":76}},"type":"binary-expr","locations":[{"start":{"line":39,"column":10},"end":{"line":39,"column":37}},{"start":{"line":39,"column":41},"end":{"line":39,"column":76}}],"line":39},"10":{"loc":{"start":{"line":43,"column":6},"end":{"line":68,"column":7}},"type":"if","locations":[{"start":{"line":43,"column":6},"end":{"line":68,"column":7}},{"start":{"line":43,"column":6},"end":{"line":68,"column":7}}],"line":43},"11":{"loc":{"start":{"line":43,"column":10},"end":{"line":43,"column":64}},"type":"binary-expr","locations":[{"start":{"line":43,"column":10},"end":{"line":43,"column":33}},{"start":{"line":43,"column":37},"end":{"line":43,"column":64}}],"line":43},"12":{"loc":{"start":{"line":44,"column":8},"end":{"line":44,"column":78}},"type":"if","locations":[{"start":{"line":44,"column":8},"end":{"line":44,"column":78}},{"start":{"line":44,"column":8},"end":{"line":44,"column":78}}],"line":44},"13":{"loc":{"start":{"line":46,"column":10},"end":{"line":50,"column":11}},"type":"if","locations":[{"start":{"line":46,"column":10},"end":{"line":50,"column":11}},{"start":{"line":46,"column":10},"end":{"line":50,"column":11}}],"line":46},"14":{"loc":{"start":{"line":46,"column":14},"end":{"line":46,"column":90}},"type":"binary-expr","locations":[{"start":{"line":46,"column":14},"end":{"line":46,"column":41}},{"start":{"line":46,"column":45},"end":{"line":46,"column":90}}],"line":46},"15":{"loc":{"start":{"line":51,"column":10},"end":{"line":54,"column":11}},"type":"if","locations":[{"start":{"line":51,"column":10},"end":{"line":54,"column":11}},{"start":{"line":51,"column":10},"end":{"line":54,"column":11}}],"line":51},"16":{"loc":{"start":{"line":53,"column":12},"end":{"line":53,"column":74}},"type":"if","locations":[{"start":{"line":53,"column":12},"end":{"line":53,"column":74}},{"start":{"line":53,"column":12},"end":{"line":53,"column":74}}],"line":53},"17":{"loc":{"start":{"line":55,"column":10},"end":{"line":57,"column":11}},"type":"if","locations":[{"start":{"line":55,"column":10},"end":{"line":57,"column":11}},{"start":{"line":55,"column":10},"end":{"line":57,"column":11}}],"line":55},"18":{"loc":{"start":{"line":55,"column":14},"end":{"line":55,"column":80}},"type":"binary-expr","locations":[{"start":{"line":55,"column":14},"end":{"line":55,"column":36}},{"start":{"line":55,"column":40},"end":{"line":55,"column":80}}],"line":55},"19":{"loc":{"start":{"line":58,"column":10},"end":{"line":66,"column":11}},"type":"if","locations":[{"start":{"line":58,"column":10},"end":{"line":66,"column":11}},{"start":{"line":58,"column":10},"end":{"line":66,"column":11}}],"line":58},"20":{"loc":{"start":{"line":59,"column":12},"end":{"line":60,"column":67}},"type":"binary-expr","locations":[{"start":{"line":59,"column":12},"end":{"line":59,"column":44}},{"start":{"line":60,"column":12},"end":{"line":60,"column":67}}],"line":59},"21":{"loc":{"start":{"line":69,"column":6},"end":{"line":93,"column":7}},"type":"if","locations":[{"start":{"line":69,"column":6},"end":{"line":93,"column":7}},{"start":{"line":69,"column":6},"end":{"line":93,"column":7}}],"line":69},"22":{"loc":{"start":{"line":70,"column":8},"end":{"line":92,"column":9}},"type":"if","locations":[{"start":{"line":70,"column":8},"end":{"line":92,"column":9}},{"start":{"line":70,"column":8},"end":{"line":92,"column":9}}],"line":70},"23":{"loc":{"start":{"line":71,"column":10},"end":{"line":78,"column":50}},"type":"binary-expr","locations":[{"start":{"line":71,"column":10},"end":{"line":71,"column":53}},{"start":{"line":72,"column":10},"end":{"line":78,"column":50}}],"line":71},"24":{"loc":{"start":{"line":85,"column":10},"end":{"line":88,"column":11}},"type":"if","locations":[{"start":{"line":85,"column":10},"end":{"line":88,"column":11}},{"start":{"line":85,"column":10},"end":{"line":88,"column":11}}],"line":85},"25":{"loc":{"start":{"line":89,"column":10},"end":{"line":91,"column":11}},"type":"if","locations":[{"start":{"line":89,"column":10},"end":{"line":91,"column":11}},{"start":{"line":89,"column":10},"end":{"line":91,"column":11}}],"line":89},"26":{"loc":{"start":{"line":94,"column":11},"end":{"line":107,"column":5}},"type":"if","locations":[{"start":{"line":94,"column":11},"end":{"line":107,"column":5}},{"start":{"line":94,"column":11},"end":{"line":107,"column":5}}],"line":94},"27":{"loc":{"start":{"line":97,"column":6},"end":{"line":97,"column":62}},"type":"if","locations":[{"start":{"line":97,"column":6},"end":{"line":97,"column":62}},{"start":{"line":97,"column":6},"end":{"line":97,"column":62}}],"line":97},"28":{"loc":{"start":{"line":99,"column":8},"end":{"line":101,"column":9}},"type":"if","locations":[{"start":{"line":99,"column":8},"end":{"line":101,"column":9}},{"start":{"line":99,"column":8},"end":{"line":101,"column":9}}],"line":99},"29":{"loc":{"start":{"line":99,"column":12},"end":{"line":99,"column":82}},"type":"binary-expr","locations":[{"start":{"line":99,"column":12},"end":{"line":99,"column":36}},{"start":{"line":99,"column":40},"end":{"line":99,"column":82}}],"line":99},"30":{"loc":{"start":{"line":102,"column":8},"end":{"line":105,"column":9}},"type":"if","locations":[{"start":{"line":102,"column":8},"end":{"line":105,"column":9}},{"start":{"line":102,"column":8},"end":{"line":105,"column":9}}],"line":102},"31":{"loc":{"start":{"line":102,"column":12},"end":{"line":102,"column":97}},"type":"binary-expr","locations":[{"start":{"line":102,"column":12},"end":{"line":102,"column":41}},{"start":{"line":102,"column":45},"end":{"line":102,"column":97}}],"line":102},"32":{"loc":{"start":{"line":108,"column":4},"end":{"line":108,"column":52}},"type":"if","locations":[{"start":{"line":108,"column":4},"end":{"line":108,"column":52}},{"start":{"line":108,"column":4},"end":{"line":108,"column":52}}],"line":108},"33":{"loc":{"start":{"line":109,"column":4},"end":{"line":109,"column":93}},"type":"if","locations":[{"start":{"line":109,"column":4},"end":{"line":109,"column":93}},{"start":{"line":109,"column":4},"end":{"line":109,"column":93}}],"line":109},"34":{"loc":{"start":{"line":109,"column":34},"end":{"line":109,"column":92}},"type":"cond-expr","locations":[{"start":{"line":109,"column":50},"end":{"line":109,"column":68}},{"start":{"line":109,"column":71},"end":{"line":109,"column":92}}],"line":109},"35":{"loc":{"start":{"line":116,"column":4},"end":{"line":118,"column":5}},"type":"if","locations":[{"start":{"line":116,"column":4},"end":{"line":118,"column":5}},{"start":{"line":116,"column":4},"end":{"line":118,"column":5}}],"line":116},"36":{"loc":{"start":{"line":122,"column":28},"end":{"line":122,"column":48}},"type":"binary-expr","locations":[{"start":{"line":122,"column":28},"end":{"line":122,"column":42}},{"start":{"line":122,"column":46},"end":{"line":122,"column":48}}],"line":122}},"s":{"0":10,"1":10,"2":109,"3":3,"4":7,"5":7,"6":58,"7":4,"8":54,"9":1,"10":1,"11":3,"12":144,"13":3,"14":0,"15":3,"16":1,"17":43,"18":43,"19":43,"20":48,"21":1,"22":42,"23":39,"24":0,"25":39,"26":86,"27":1,"28":38,"29":48,"30":1,"31":48,"32":1,"33":37,"34":36,"35":33,"36":427,"37":3,"38":5,"39":1,"40":1,"41":1,"42":5,"43":3,"44":144,"45":3,"46":1,"47":5,"48":0,"49":5,"50":48,"51":1,"52":1,"53":48,"54":1,"55":48,"56":1,"57":4,"58":1,"59":3,"60":48,"61":48,"62":144,"63":1,"64":1,"65":3,"66":3,"67":1,"68":1,"69":1,"70":48,"71":0,"72":0,"73":3,"74":2,"75":0,"76":2,"77":4,"78":1,"79":4,"80":48,"81":1,"82":1,"83":6,"84":1,"85":5,"86":4,"87":1,"88":2,"89":1,"90":1,"91":1,"92":48,"93":1,"94":1,"95":1,"96":1},"f":{"0":10,"1":109,"2":58,"3":1,"4":144,"5":43,"6":48,"7":86,"8":48,"9":48,"10":427,"11":144,"12":48,"13":48,"14":48,"15":3,"16":48,"17":144,"18":3,"19":48,"20":48,"21":2,"22":48},"b":{"0":[3,7],"1":[4,54],"2":[0,3],"3":[1,42],"4":[43,1],"5":[39,3],"6":[0,39],"7":[1,38],"8":[1,37],"9":[38,1],"10":[36,1],"11":[37,36],"12":[33,3],"13":[1,4],"14":[5,1],"15":[3,2],"16":[1,2],"17":[0,5],"18":[5,0],"19":[1,4],"20":[5,1],"21":[1,3],"22":[1,0],"23":[1,1],"24":[1,0],"25":[0,0],"26":[2,1],"27":[0,2],"28":[1,3],"29":[4,3],"30":[1,3],"31":[4,1],"32":[1,5],"33":[4,1],"34":[2,2],"35":[1,1],"36":[48,24]},"_coverageSchema":"332fd63041d2c1bcb487cc26dd0d5f7d97098a6c","hash":"6e7dd2bfb0feeae8b2d3486f9d284c6e26b558c3"}
,"/home/tom/Code Projects/citytaps/class/DataProcessing.js": {"path":"/home/tom/Code Projects/citytaps/class/DataProcessing.js","statementMap":{"0":{"start":{"line":1,"column":16},"end":{"line":1,"column":36}},"1":{"start":{"line":9,"column":4},"end":{"line":9,"column":31}},"2":{"start":{"line":13,"column":4},"end":{"line":13,"column":25}},"3":{"start":{"line":14,"column":4},"end":{"line":14,"column":45}},"4":{"start":{"line":14,"column":22},"end":{"line":14,"column":45}},"5":{"start":{"line":15,"column":4},"end":{"line":17,"column":35}},"6":{"start":{"line":16,"column":6},"end":{"line":16,"column":60}},"7":{"start":{"line":17,"column":11},"end":{"line":17,"column":35}},"8":{"start":{"line":18,"column":4},"end":{"line":21,"column":7}},"9":{"start":{"line":19,"column":22},"end":{"line":19,"column":55}},"10":{"start":{"line":20,"column":6},"end":{"line":20,"column":26}},"11":{"start":{"line":25,"column":18},"end":{"line":25,"column":20}},"12":{"start":{"line":26,"column":4},"end":{"line":26,"column":69}},"13":{"start":{"line":27,"column":4},"end":{"line":27,"column":25}},"14":{"start":{"line":35,"column":4},"end":{"line":35,"column":33}},"15":{"start":{"line":39,"column":4},"end":{"line":39,"column":45}},"16":{"start":{"line":39,"column":22},"end":{"line":39,"column":45}},"17":{"start":{"line":40,"column":20},"end":{"line":40,"column":56}},"18":{"start":{"line":41,"column":4},"end":{"line":41,"column":80}},"19":{"start":{"line":41,"column":53},"end":{"line":41,"column":77}},"20":{"start":{"line":42,"column":28},"end":{"line":42,"column":90}},"21":{"start":{"line":42,"column":69},"end":{"line":42,"column":89}},"22":{"start":{"line":43,"column":4},"end":{"line":43,"column":35}},"23":{"start":{"line":47,"column":18},"end":{"line":47,"column":20}},"24":{"start":{"line":48,"column":4},"end":{"line":66,"column":5}},"25":{"start":{"line":49,"column":6},"end":{"line":50,"column":34}},"26":{"start":{"line":49,"column":45},"end":{"line":49,"column":82}},"27":{"start":{"line":50,"column":11},"end":{"line":50,"column":34}},"28":{"start":{"line":52,"column":6},"end":{"line":63,"column":9}},"29":{"start":{"line":53,"column":8},"end":{"line":62,"column":9}},"30":{"start":{"line":54,"column":10},"end":{"line":54,"column":56}},"31":{"start":{"line":55,"column":10},"end":{"line":55,"column":84}},"32":{"start":{"line":57,"column":10},"end":{"line":59,"column":11}},"33":{"start":{"line":58,"column":12},"end":{"line":58,"column":90}},"34":{"start":{"line":60,"column":10},"end":{"line":60,"column":29}},"35":{"start":{"line":61,"column":10},"end":{"line":61,"column":32}},"36":{"start":{"line":64,"column":6},"end":{"line":65,"column":40}},"37":{"start":{"line":64,"column":50},"end":{"line":64,"column":78}},"38":{"start":{"line":65,"column":11},"end":{"line":65,"column":40}},"39":{"start":{"line":70,"column":0},"end":{"line":70,"column":33}},"40":{"start":{"line":71,"column":0},"end":{"line":71,"column":41}}},"fnMap":{"0":{"name":"(anonymous_0)","decl":{"start":{"line":8,"column":2},"end":{"line":8,"column":3}},"loc":{"start":{"line":8,"column":19},"end":{"line":10,"column":3}},"line":8},"1":{"name":"(anonymous_1)","decl":{"start":{"line":12,"column":2},"end":{"line":12,"column":3}},"loc":{"start":{"line":12,"column":24},"end":{"line":22,"column":3}},"line":12},"2":{"name":"(anonymous_2)","decl":{"start":{"line":18,"column":22},"end":{"line":18,"column":23}},"loc":{"start":{"line":18,"column":32},"end":{"line":21,"column":5}},"line":18},"3":{"name":"(anonymous_3)","decl":{"start":{"line":24,"column":2},"end":{"line":24,"column":3}},"loc":{"start":{"line":24,"column":14},"end":{"line":28,"column":3}},"line":24},"4":{"name":"(anonymous_4)","decl":{"start":{"line":34,"column":2},"end":{"line":34,"column":3}},"loc":{"start":{"line":34,"column":18},"end":{"line":36,"column":3}},"line":34},"5":{"name":"(anonymous_5)","decl":{"start":{"line":38,"column":2},"end":{"line":38,"column":3}},"loc":{"start":{"line":38,"column":26},"end":{"line":44,"column":3}},"line":38},"6":{"name":"(anonymous_6)","decl":{"start":{"line":41,"column":41},"end":{"line":41,"column":42}},"loc":{"start":{"line":41,"column":53},"end":{"line":41,"column":77}},"line":41},"7":{"name":"(anonymous_7)","decl":{"start":{"line":42,"column":58},"end":{"line":42,"column":59}},"loc":{"start":{"line":42,"column":69},"end":{"line":42,"column":89}},"line":42},"8":{"name":"(anonymous_8)","decl":{"start":{"line":46,"column":2},"end":{"line":46,"column":3}},"loc":{"start":{"line":46,"column":17},"end":{"line":67,"column":3}},"line":46},"9":{"name":"(anonymous_9)","decl":{"start":{"line":52,"column":19},"end":{"line":52,"column":20}},"loc":{"start":{"line":52,"column":30},"end":{"line":63,"column":7}},"line":52}},"branchMap":{"0":{"loc":{"start":{"line":14,"column":4},"end":{"line":14,"column":45}},"type":"if","locations":[{"start":{"line":14,"column":4},"end":{"line":14,"column":45}},{"start":{"line":14,"column":4},"end":{"line":14,"column":45}}],"line":14},"1":{"loc":{"start":{"line":15,"column":4},"end":{"line":17,"column":35}},"type":"if","locations":[{"start":{"line":15,"column":4},"end":{"line":17,"column":35}},{"start":{"line":15,"column":4},"end":{"line":17,"column":35}}],"line":15},"2":{"loc":{"start":{"line":39,"column":4},"end":{"line":39,"column":45}},"type":"if","locations":[{"start":{"line":39,"column":4},"end":{"line":39,"column":45}},{"start":{"line":39,"column":4},"end":{"line":39,"column":45}}],"line":39},"3":{"loc":{"start":{"line":48,"column":4},"end":{"line":66,"column":5}},"type":"if","locations":[{"start":{"line":48,"column":4},"end":{"line":66,"column":5}},{"start":{"line":48,"column":4},"end":{"line":66,"column":5}}],"line":48},"4":{"loc":{"start":{"line":49,"column":6},"end":{"line":50,"column":34}},"type":"if","locations":[{"start":{"line":49,"column":6},"end":{"line":50,"column":34}},{"start":{"line":49,"column":6},"end":{"line":50,"column":34}}],"line":49},"5":{"loc":{"start":{"line":53,"column":8},"end":{"line":62,"column":9}},"type":"if","locations":[{"start":{"line":53,"column":8},"end":{"line":62,"column":9}},{"start":{"line":53,"column":8},"end":{"line":62,"column":9}}],"line":53},"6":{"loc":{"start":{"line":54,"column":31},"end":{"line":54,"column":50}},"type":"binary-expr","locations":[{"start":{"line":54,"column":31},"end":{"line":54,"column":44}},{"start":{"line":54,"column":48},"end":{"line":54,"column":50}}],"line":54},"7":{"loc":{"start":{"line":55,"column":30},"end":{"line":55,"column":83}},"type":"cond-expr","locations":[{"start":{"line":55,"column":58},"end":{"line":55,"column":59}},{"start":{"line":55,"column":62},"end":{"line":55,"column":83}}],"line":55},"8":{"loc":{"start":{"line":57,"column":10},"end":{"line":59,"column":11}},"type":"if","locations":[{"start":{"line":57,"column":10},"end":{"line":59,"column":11}},{"start":{"line":57,"column":10},"end":{"line":59,"column":11}}],"line":57},"9":{"loc":{"start":{"line":64,"column":6},"end":{"line":65,"column":40}},"type":"if","locations":[{"start":{"line":64,"column":6},"end":{"line":65,"column":40}},{"start":{"line":64,"column":6},"end":{"line":65,"column":40}}],"line":64}},"s":{"0":1,"1":4,"2":4,"3":4,"4":2,"5":4,"6":2,"7":2,"8":3,"9":26,"10":25,"11":25,"12":25,"13":25,"14":18,"15":18,"16":3,"17":17,"18":17,"19":763,"20":17,"21":763,"22":17,"23":17,"24":17,"25":0,"26":0,"27":0,"28":17,"29":763,"30":197,"31":197,"32":566,"33":41,"34":566,"35":566,"36":17,"37":16,"38":1,"39":1,"40":1},"f":{"0":4,"1":4,"2":26,"3":25,"4":18,"5":18,"6":763,"7":763,"8":17,"9":763},"b":{"0":[2,2],"1":[2,2],"2":[3,15],"3":[0,17],"4":[0,0],"5":[197,566],"6":[197,1],"7":[1,196],"8":[41,525],"9":[16,1]},"_coverageSchema":"332fd63041d2c1bcb487cc26dd0d5f7d97098a6c","hash":"4d28a6a629b73f98c168149c9fc21cce327e5806"}
,"/home/tom/Code Projects/citytaps/class/Report.js": {"path":"/home/tom/Code Projects/citytaps/class/Report.js","statementMap":{"0":{"start":{"line":1,"column":23},"end":{"line":1,"column":50}},"1":{"start":{"line":5,"column":4},"end":{"line":5,"column":19}},"2":{"start":{"line":6,"column":4},"end":{"line":6,"column":19}},"3":{"start":{"line":7,"column":4},"end":{"line":11,"column":5}},"4":{"start":{"line":8,"column":6},"end":{"line":8,"column":78}},"5":{"start":{"line":9,"column":11},"end":{"line":11,"column":5}},"6":{"start":{"line":10,"column":6},"end":{"line":10,"column":87}},"7":{"start":{"line":13,"column":4},"end":{"line":13,"column":43}},"8":{"start":{"line":14,"column":4},"end":{"line":14,"column":51}},"9":{"start":{"line":15,"column":4},"end":{"line":15,"column":48}},"10":{"start":{"line":16,"column":4},"end":{"line":16,"column":42}},"11":{"start":{"line":18,"column":4},"end":{"line":19,"column":92}},"12":{"start":{"line":20,"column":4},"end":{"line":20,"column":48}},"13":{"start":{"line":22,"column":4},"end":{"line":22,"column":30}},"14":{"start":{"line":26,"column":4},"end":{"line":53,"column":5}},"15":{"start":{"line":27,"column":6},"end":{"line":27,"column":32}},"16":{"start":{"line":28,"column":6},"end":{"line":28,"column":33}},"17":{"start":{"line":29,"column":6},"end":{"line":44,"column":7}},"18":{"start":{"line":30,"column":35},"end":{"line":41,"column":9}},"19":{"start":{"line":31,"column":10},"end":{"line":40,"column":12}},"20":{"start":{"line":32,"column":12},"end":{"line":32,"column":90}},"21":{"start":{"line":32,"column":47},"end":{"line":32,"column":90}},"22":{"start":{"line":33,"column":12},"end":{"line":39,"column":23}},"23":{"start":{"line":36,"column":18},"end":{"line":37,"column":58}},"24":{"start":{"line":36,"column":36},"end":{"line":36,"column":66}},"25":{"start":{"line":37,"column":23},"end":{"line":37,"column":58}},"26":{"start":{"line":38,"column":18},"end":{"line":38,"column":27}},"27":{"start":{"line":42,"column":8},"end":{"line":42,"column":43}},"28":{"start":{"line":43,"column":8},"end":{"line":43,"column":34}},"29":{"start":{"line":45,"column":6},"end":{"line":48,"column":7}},"30":{"start":{"line":46,"column":8},"end":{"line":46,"column":64}},"31":{"start":{"line":46,"column":40},"end":{"line":46,"column":64}},"32":{"start":{"line":47,"column":8},"end":{"line":47,"column":29}},"33":{"start":{"line":49,"column":6},"end":{"line":49,"column":32}},"34":{"start":{"line":51,"column":6},"end":{"line":51,"column":23}},"35":{"start":{"line":52,"column":6},"end":{"line":52,"column":15}},"36":{"start":{"line":57,"column":0},"end":{"line":57,"column":24}},"37":{"start":{"line":58,"column":0},"end":{"line":58,"column":32}}},"fnMap":{"0":{"name":"(anonymous_0)","decl":{"start":{"line":4,"column":2},"end":{"line":4,"column":3}},"loc":{"start":{"line":4,"column":93},"end":{"line":23,"column":3}},"line":4},"1":{"name":"(anonymous_1)","decl":{"start":{"line":25,"column":2},"end":{"line":25,"column":3}},"loc":{"start":{"line":25,"column":11},"end":{"line":54,"column":3}},"line":25},"2":{"name":"(anonymous_2)","decl":{"start":{"line":30,"column":75},"end":{"line":30,"column":76}},"loc":{"start":{"line":31,"column":10},"end":{"line":40,"column":12}},"line":31},"3":{"name":"(anonymous_3)","decl":{"start":{"line":31,"column":20},"end":{"line":31,"column":21}},"loc":{"start":{"line":31,"column":29},"end":{"line":40,"column":11}},"line":31},"4":{"name":"(anonymous_4)","decl":{"start":{"line":35,"column":62},"end":{"line":35,"column":63}},"loc":{"start":{"line":35,"column":72},"end":{"line":39,"column":17}},"line":35}},"branchMap":{"0":{"loc":{"start":{"line":4,"column":46},"end":{"line":4,"column":66}},"type":"default-arg","locations":[{"start":{"line":4,"column":62},"end":{"line":4,"column":66}}],"line":4},"1":{"loc":{"start":{"line":4,"column":68},"end":{"line":4,"column":82}},"type":"default-arg","locations":[{"start":{"line":4,"column":78},"end":{"line":4,"column":82}}],"line":4},"2":{"loc":{"start":{"line":7,"column":4},"end":{"line":11,"column":5}},"type":"if","locations":[{"start":{"line":7,"column":4},"end":{"line":11,"column":5}},{"start":{"line":7,"column":4},"end":{"line":11,"column":5}}],"line":7},"3":{"loc":{"start":{"line":9,"column":11},"end":{"line":11,"column":5}},"type":"if","locations":[{"start":{"line":9,"column":11},"end":{"line":11,"column":5}},{"start":{"line":9,"column":11},"end":{"line":11,"column":5}}],"line":9},"4":{"loc":{"start":{"line":13,"column":20},"end":{"line":13,"column":42}},"type":"binary-expr","locations":[{"start":{"line":13,"column":20},"end":{"line":13,"column":34}},{"start":{"line":13,"column":38},"end":{"line":13,"column":42}}],"line":13},"5":{"loc":{"start":{"line":14,"column":20},"end":{"line":14,"column":50}},"type":"binary-expr","locations":[{"start":{"line":14,"column":20},"end":{"line":14,"column":38}},{"start":{"line":14,"column":42},"end":{"line":14,"column":50}}],"line":14},"6":{"loc":{"start":{"line":15,"column":19},"end":{"line":15,"column":47}},"type":"binary-expr","locations":[{"start":{"line":15,"column":19},"end":{"line":15,"column":36}},{"start":{"line":15,"column":40},"end":{"line":15,"column":47}}],"line":15},"7":{"loc":{"start":{"line":16,"column":17},"end":{"line":16,"column":41}},"type":"binary-expr","locations":[{"start":{"line":16,"column":17},"end":{"line":16,"column":32}},{"start":{"line":16,"column":36},"end":{"line":16,"column":41}}],"line":16},"8":{"loc":{"start":{"line":19,"column":6},"end":{"line":19,"column":91}},"type":"binary-expr","locations":[{"start":{"line":19,"column":6},"end":{"line":19,"column":29}},{"start":{"line":19,"column":34},"end":{"line":19,"column":90}}],"line":19},"9":{"loc":{"start":{"line":19,"column":34},"end":{"line":19,"column":90}},"type":"cond-expr","locations":[{"start":{"line":19,"column":70},"end":{"line":19,"column":83}},{"start":{"line":19,"column":86},"end":{"line":19,"column":90}}],"line":19},"10":{"loc":{"start":{"line":20,"column":19},"end":{"line":20,"column":47}},"type":"binary-expr","locations":[{"start":{"line":20,"column":19},"end":{"line":20,"column":36}},{"start":{"line":20,"column":40},"end":{"line":20,"column":47}}],"line":20},"11":{"loc":{"start":{"line":29,"column":6},"end":{"line":44,"column":7}},"type":"if","locations":[{"start":{"line":29,"column":6},"end":{"line":44,"column":7}},{"start":{"line":29,"column":6},"end":{"line":44,"column":7}}],"line":29},"12":{"loc":{"start":{"line":32,"column":12},"end":{"line":32,"column":90}},"type":"if","locations":[{"start":{"line":32,"column":12},"end":{"line":32,"column":90}},{"start":{"line":32,"column":12},"end":{"line":32,"column":90}}],"line":32},"13":{"loc":{"start":{"line":33,"column":19},"end":{"line":39,"column":22}},"type":"cond-expr","locations":[{"start":{"line":34,"column":16},"end":{"line":34,"column":48}},{"start":{"line":35,"column":16},"end":{"line":39,"column":22}}],"line":33},"14":{"loc":{"start":{"line":33,"column":33},"end":{"line":33,"column":58}},"type":"binary-expr","locations":[{"start":{"line":33,"column":33},"end":{"line":33,"column":45}},{"start":{"line":33,"column":49},"end":{"line":33,"column":58}}],"line":33},"15":{"loc":{"start":{"line":34,"column":16},"end":{"line":34,"column":48}},"type":"binary-expr","locations":[{"start":{"line":34,"column":16},"end":{"line":34,"column":28}},{"start":{"line":34,"column":32},"end":{"line":34,"column":48}}],"line":34},"16":{"loc":{"start":{"line":35,"column":28},"end":{"line":35,"column":53}},"type":"binary-expr","locations":[{"start":{"line":35,"column":28},"end":{"line":35,"column":40}},{"start":{"line":35,"column":44},"end":{"line":35,"column":53}}],"line":35},"17":{"loc":{"start":{"line":36,"column":18},"end":{"line":37,"column":58}},"type":"if","locations":[{"start":{"line":36,"column":18},"end":{"line":37,"column":58}},{"start":{"line":36,"column":18},"end":{"line":37,"column":58}}],"line":36},"18":{"loc":{"start":{"line":45,"column":6},"end":{"line":48,"column":7}},"type":"if","locations":[{"start":{"line":45,"column":6},"end":{"line":48,"column":7}},{"start":{"line":45,"column":6},"end":{"line":48,"column":7}}],"line":45},"19":{"loc":{"start":{"line":46,"column":8},"end":{"line":46,"column":64}},"type":"if","locations":[{"start":{"line":46,"column":8},"end":{"line":46,"column":64}},{"start":{"line":46,"column":8},"end":{"line":46,"column":64}}],"line":46}},"s":{"0":1,"1":24,"2":24,"3":24,"4":2,"5":22,"6":5,"7":24,"8":24,"9":24,"10":24,"11":24,"12":24,"13":24,"14":24,"15":24,"16":23,"17":19,"18":16,"19":41,"20":110,"21":7,"22":103,"23":63,"24":21,"25":42,"26":63,"27":16,"28":16,"29":3,"30":2,"31":1,"32":1,"33":1,"34":5,"35":5,"36":1,"37":1},"f":{"0":24,"1":24,"2":41,"3":110,"4":63},"b":{"0":[10],"1":[19],"2":[2,22],"3":[5,17],"4":[24,18],"5":[24,18],"6":[24,18],"7":[24,18],"8":[24,23],"9":[12,11],"10":[24,24],"11":[16,3],"12":[7,103],"13":[68,35],"14":[103,96],"15":[68,68],"16":[35,28],"17":[21,42],"18":[2,1],"19":[1,1]},"_coverageSchema":"332fd63041d2c1bcb487cc26dd0d5f7d97098a6c","hash":"56dae5f986a6f7351f4c8b3da677c82b1e0962e2"}
}
