TN:
SF:/home/tom/Code Projects/citytaps/class/Context.js
FN:4,(anonymous_0)
FN:17,(anonymous_1)
FN:22,(anonymous_2)
FN:30,(anonymous_3)
FN:31,(anonymous_4)
FN:39,(anonymous_5)
FN:50,(anonymous_6)
FN:56,(anonymous_7)
FN:60,(anonymous_8)
FNF:9
FNH:9
FNDA:24,(anonymous_0)
FNDA:4,(anonymous_1)
FNDA:23,(anonymous_2)
FNDA:24,(anonymous_3)
FNDA:96,(anonymous_4)
FNDA:5,(anonymous_5)
FNDA:48,(anonymous_6)
FNDA:48,(anonymous_7)
FNDA:96,(anonymous_8)
DA:1,1
DA:5,24
DA:7,24
DA:8,24
DA:9,24
DA:10,24
DA:11,24
DA:12,24
DA:13,24
DA:14,24
DA:18,4
DA:19,2
DA:23,23
DA:24,23
DA:25,23
DA:26,5
DA:27,1
DA:31,96
DA:32,24
DA:33,1
DA:40,5
DA:41,1
DA:45,4
DA:46,4
DA:47,2
DA:48,2
DA:49,2
DA:50,48
DA:51,2
DA:55,1
DA:56,48
DA:57,1
DA:58,1
DA:60,2
DA:61,96
DA:62,96
DA:63,96
DA:64,78
DA:65,96
DA:72,1
DA:73,1
LF:41
LH:41
BRDA:18,0,0,2
BRDA:18,0,1,2
BRDA:25,1,0,18
BRDA:25,1,1,5
BRDA:26,2,0,4
BRDA:26,2,1,1
BRDA:26,3,0,5
BRDA:26,3,1,1
BRDA:32,4,0,1
BRDA:32,4,1,23
BRDA:40,5,0,1
BRDA:40,5,1,4
BRDA:46,6,0,2
BRDA:46,6,1,2
BRDA:46,7,0,4
BRDA:46,7,1,2
BRDA:51,8,0,1
BRDA:51,8,1,1
BRDA:52,9,0,2
BRDA:52,9,1,2
BRDA:63,10,0,18
BRDA:63,10,1,78
BRDA:63,11,0,96
BRDA:63,11,1,48
BRDA:63,11,2,44
BRDA:64,12,0,25
BRDA:64,12,1,53
BRDA:64,13,0,78
BRDA:64,13,1,48
BRDA:64,13,2,48
BRF:30
BRH:30
end_of_record
TN:
SF:/home/tom/Code Projects/citytaps/class/DataExtractor.js
FN:1,isNotIncrementingOrNaN
FN:3,(anonymous_1)
FN:5,(anonymous_2)
FN:11,isNotIncrementingOrNaNTranslated
FN:14,(anonymous_4)
FN:27,(anonymous_5)
FN:33,(anonymous_6)
FN:38,(anonymous_7)
FN:39,(anonymous_8)
FN:40,(anonymous_9)
FN:44,(anonymous_10)
FN:52,(anonymous_11)
FN:60,(anonymous_12)
FN:63,(anonymous_13)
FN:64,(anonymous_14)
FN:71,(anonymous_15)
FN:74,(anonymous_16)
FN:78,(anonymous_17)
FN:81,(anonymous_18)
FN:87,(anonymous_19)
FN:102,(anonymous_20)
FN:115,(anonymous_21)
FN:121,(anonymous_22)
FNF:23
FNH:23
FNDA:10,isNotIncrementingOrNaN
FNDA:109,(anonymous_1)
FNDA:58,(anonymous_2)
FNDA:1,isNotIncrementingOrNaNTranslated
FNDA:144,(anonymous_4)
FNDA:43,(anonymous_5)
FNDA:48,(anonymous_6)
FNDA:86,(anonymous_7)
FNDA:48,(anonymous_8)
FNDA:48,(anonymous_9)
FNDA:427,(anonymous_10)
FNDA:144,(anonymous_11)
FNDA:48,(anonymous_12)
FNDA:48,(anonymous_13)
FNDA:48,(anonymous_14)
FNDA:3,(anonymous_15)
FNDA:48,(anonymous_16)
FNDA:144,(anonymous_17)
FNDA:3,(anonymous_18)
FNDA:48,(anonymous_19)
FNDA:48,(anonymous_20)
FNDA:2,(anonymous_21)
FNDA:48,(anonymous_22)
DA:2,10
DA:3,109
DA:4,7
DA:5,7
DA:6,58
DA:7,54
DA:12,1
DA:13,1
DA:14,144
DA:15,3
DA:16,3
DA:18,1
DA:28,43
DA:29,43
DA:33,48
DA:34,1
DA:35,42
DA:37,39
DA:38,86
DA:39,48
DA:40,48
DA:41,1
DA:43,37
DA:44,427
DA:45,3
DA:46,5
DA:47,1
DA:48,1
DA:49,1
DA:51,5
DA:52,144
DA:53,3
DA:55,5
DA:56,0
DA:58,5
DA:60,48
DA:62,1
DA:63,48
DA:64,48
DA:65,1
DA:69,4
DA:70,1
DA:71,3
DA:75,48
DA:76,48
DA:78,144
DA:80,1
DA:81,1
DA:82,3
DA:83,3
DA:85,1
DA:86,1
DA:87,48
DA:89,0
DA:90,0
DA:94,3
DA:97,2
DA:98,2
DA:99,4
DA:100,1
DA:102,48
DA:103,1
DA:104,1
DA:108,6
DA:109,5
DA:110,1
DA:116,2
DA:117,1
DA:119,1
DA:121,1
DA:122,48
DA:124,1
DA:125,1
DA:129,1
DA:130,1
LF:75
LH:72
BRDA:3,0,0,3
BRDA:3,0,1,7
BRDA:6,1,0,4
BRDA:6,1,1,54
BRDA:15,2,0,0
BRDA:15,2,1,3
BRDA:33,3,0,1
BRDA:33,3,1,42
BRDA:33,4,0,43
BRDA:33,4,1,1
BRDA:35,5,0,39
BRDA:35,5,1,3
BRDA:37,6,0,0
BRDA:37,6,1,39
BRDA:38,7,0,1
BRDA:38,7,1,38
BRDA:39,8,0,1
BRDA:39,8,1,37
BRDA:39,9,0,38
BRDA:39,9,1,1
BRDA:43,10,0,36
BRDA:43,10,1,1
BRDA:43,11,0,37
BRDA:43,11,1,36
BRDA:44,12,0,33
BRDA:44,12,1,3
BRDA:46,13,0,1
BRDA:46,13,1,4
BRDA:46,14,0,5
BRDA:46,14,1,1
BRDA:51,15,0,3
BRDA:51,15,1,2
BRDA:53,16,0,1
BRDA:53,16,1,2
BRDA:55,17,0,0
BRDA:55,17,1,5
BRDA:55,18,0,5
BRDA:55,18,1,0
BRDA:58,19,0,1
BRDA:58,19,1,4
BRDA:59,20,0,5
BRDA:59,20,1,1
BRDA:69,21,0,1
BRDA:69,21,1,3
BRDA:70,22,0,1
BRDA:70,22,1,0
BRDA:71,23,0,1
BRDA:71,23,1,1
BRDA:85,24,0,1
BRDA:85,24,1,0
BRDA:89,25,0,0
BRDA:89,25,1,0
BRDA:94,26,0,2
BRDA:94,26,1,1
BRDA:97,27,0,0
BRDA:97,27,1,2
BRDA:99,28,0,1
BRDA:99,28,1,3
BRDA:99,29,0,4
BRDA:99,29,1,3
BRDA:102,30,0,1
BRDA:102,30,1,3
BRDA:102,31,0,4
BRDA:102,31,1,1
BRDA:108,32,0,1
BRDA:108,32,1,5
BRDA:109,33,0,4
BRDA:109,33,1,1
BRDA:109,34,0,2
BRDA:109,34,1,2
BRDA:116,35,0,1
BRDA:116,35,1,1
BRDA:122,36,0,48
BRDA:122,36,1,24
BRF:74
BRH:65
end_of_record
TN:
SF:/home/tom/Code Projects/citytaps/class/DataProcessing.js
FN:8,(anonymous_0)
FN:12,(anonymous_1)
FN:18,(anonymous_2)
FN:24,(anonymous_3)
FN:34,(anonymous_4)
FN:38,(anonymous_5)
FN:41,(anonymous_6)
FN:42,(anonymous_7)
FN:46,(anonymous_8)
FN:52,(anonymous_9)
FNF:10
FNH:10
FNDA:4,(anonymous_0)
FNDA:4,(anonymous_1)
FNDA:26,(anonymous_2)
FNDA:25,(anonymous_3)
FNDA:18,(anonymous_4)
FNDA:18,(anonymous_5)
FNDA:763,(anonymous_6)
FNDA:763,(anonymous_7)
FNDA:17,(anonymous_8)
FNDA:763,(anonymous_9)
DA:1,1
DA:9,4
DA:13,4
DA:14,4
DA:15,4
DA:16,2
DA:17,2
DA:18,3
DA:19,26
DA:20,25
DA:25,25
DA:26,25
DA:27,25
DA:35,18
DA:39,18
DA:40,17
DA:41,763
DA:42,763
DA:43,17
DA:47,17
DA:48,17
DA:49,0
DA:50,0
DA:52,17
DA:53,763
DA:54,197
DA:55,197
DA:57,566
DA:58,41
DA:60,566
DA:61,566
DA:64,17
DA:65,1
DA:70,1
DA:71,1
LF:35
LH:33
BRDA:14,0,0,2
BRDA:14,0,1,2
BRDA:15,1,0,2
BRDA:15,1,1,2
BRDA:39,2,0,3
BRDA:39,2,1,15
BRDA:48,3,0,0
BRDA:48,3,1,17
BRDA:49,4,0,0
BRDA:49,4,1,0
BRDA:53,5,0,197
BRDA:53,5,1,566
BRDA:54,6,0,197
BRDA:54,6,1,1
BRDA:55,7,0,1
BRDA:55,7,1,196
BRDA:57,8,0,41
BRDA:57,8,1,525
BRDA:64,9,0,16
BRDA:64,9,1,1
BRF:20
BRH:17
end_of_record
TN:
SF:/home/tom/Code Projects/citytaps/class/Report.js
FN:4,(anonymous_0)
FN:25,(anonymous_1)
FN:30,(anonymous_2)
FN:31,(anonymous_3)
FN:35,(anonymous_4)
FNF:5
FNH:5
FNDA:24,(anonymous_0)
FNDA:24,(anonymous_1)
FNDA:41,(anonymous_2)
FNDA:110,(anonymous_3)
FNDA:63,(anonymous_4)
DA:1,1
DA:5,24
DA:6,24
DA:7,24
DA:8,2
DA:9,22
DA:10,5
DA:13,24
DA:14,24
DA:15,24
DA:16,24
DA:18,24
DA:20,24
DA:22,24
DA:26,24
DA:27,24
DA:28,23
DA:29,19
DA:30,16
DA:31,41
DA:32,110
DA:33,103
DA:36,63
DA:37,42
DA:38,63
DA:42,16
DA:43,16
DA:45,3
DA:46,2
DA:47,1
DA:49,1
DA:51,5
DA:52,5
DA:57,1
DA:58,1
LF:35
LH:35
BRDA:4,0,0,10
BRDA:4,1,0,19
BRDA:7,2,0,2
BRDA:7,2,1,22
BRDA:9,3,0,5
BRDA:9,3,1,17
BRDA:13,4,0,24
BRDA:13,4,1,18
BRDA:14,5,0,24
BRDA:14,5,1,18
BRDA:15,6,0,24
BRDA:15,6,1,18
BRDA:16,7,0,24
BRDA:16,7,1,18
BRDA:19,8,0,24
BRDA:19,8,1,23
BRDA:19,9,0,12
BRDA:19,9,1,11
BRDA:20,10,0,24
BRDA:20,10,1,24
BRDA:29,11,0,16
BRDA:29,11,1,3
BRDA:32,12,0,7
BRDA:32,12,1,103
BRDA:33,13,0,68
BRDA:33,13,1,35
BRDA:33,14,0,103
BRDA:33,14,1,96
BRDA:34,15,0,68
BRDA:34,15,1,68
BRDA:35,16,0,35
BRDA:35,16,1,28
BRDA:36,17,0,21
BRDA:36,17,1,42
BRDA:45,18,0,2
BRDA:45,18,1,1
BRDA:46,19,0,1
BRDA:46,19,1,1
BRF:38
BRH:38
end_of_record
