TN:
SF:/home/tom/Code Projects/citytaps/LeakDetector.js
FN:1,isNotIncrementingOrNaN
FN:3,(anonymous_1)
FN:5,(anonymous_2)
FN:11,isNotIncrementingOrNaNTranslated
FN:14,(anonymous_4)
FN:22,(anonymous_5)
FN:61,(anonymous_6)
FN:66,(anonymous_7)
FN:67,(anonymous_8)
FN:79,(anonymous_9)
FN:89,(anonymous_10)
FN:91,(anonymous_11)
FN:106,(anonymous_12)
FN:109,(anonymous_13)
FN:114,(anonymous_14)
FN:115,(anonymous_15)
FN:116,(anonymous_16)
FN:119,(anonymous_17)
FN:126,(anonymous_18)
FN:135,(anonymous_19)
FN:138,(anonymous_20)
FN:142,(anonymous_21)
FN:145,(anonymous_22)
FN:151,(anonymous_23)
FN:167,(anonymous_24)
FN:181,(anonymous_25)
FN:184,(anonymous_26)
FN:190,(anonymous_27)
FN:194,(anonymous_28)
FN:201,(anonymous_29)
FN:210,(anonymous_30)
FN:211,(anonymous_31)
FN:215,(anonymous_32)
FNF:33
FNH:27
FNDA:6,isNotIncrementingOrNaN
FNDA:47,(anonymous_1)
FNDA:28,(anonymous_2)
FNDA:1,isNotIncrementingOrNaNTranslated
FNDA:144,(anonymous_4)
FNDA:9,(anonymous_5)
FNDA:0,(anonymous_6)
FNDA:9,(anonymous_7)
FNDA:36,(anonymous_8)
FNDA:0,(anonymous_9)
FNDA:9,(anonymous_10)
FNDA:432,(anonymous_11)
FNDA:9,(anonymous_12)
FNDA:48,(anonymous_13)
FNDA:54,(anonymous_14)
FNDA:0,(anonymous_15)
FNDA:0,(anonymous_16)
FNDA:240,(anonymous_17)
FNDA:0,(anonymous_18)
FNDA:3,(anonymous_19)
FNDA:48,(anonymous_20)
FNDA:144,(anonymous_21)
FNDA:3,(anonymous_22)
FNDA:48,(anonymous_23)
FNDA:0,(anonymous_24)
FNDA:9,(anonymous_25)
FNDA:384,(anonymous_26)
FNDA:432,(anonymous_27)
FNDA:9,(anonymous_28)
FNDA:9,(anonymous_29)
FNDA:14,(anonymous_30)
FNDA:46,(anonymous_31)
FNDA:42,(anonymous_32)
DA:2,6
DA:3,47
DA:4,3
DA:5,3
DA:6,28
DA:7,26
DA:12,1
DA:13,1
DA:14,144
DA:15,3
DA:16,3
DA:18,1
DA:32,9
DA:33,9
DA:34,1
DA:35,8
DA:36,1
DA:40,9
DA:41,9
DA:42,9
DA:43,9
DA:45,9
DA:46,9
DA:48,9
DA:49,9
DA:50,9
DA:51,9
DA:52,9
DA:53,9
DA:54,9
DA:62,0
DA:63,0
DA:67,36
DA:68,9
DA:69,0
DA:80,0
DA:81,0
DA:82,0
DA:90,9
DA:91,9
DA:92,432
DA:93,94
DA:95,94
DA:97,338
DA:98,14
DA:100,338
DA:101,338
DA:107,9
DA:108,9
DA:109,48
DA:110,1
DA:112,8
DA:113,7
DA:114,54
DA:115,6
DA:116,0
DA:118,6
DA:119,240
DA:120,0
DA:121,0
DA:122,0
DA:124,0
DA:126,0
DA:128,0
DA:129,0
DA:133,1
DA:134,1
DA:135,3
DA:139,48
DA:140,48
DA:142,144
DA:144,1
DA:145,1
DA:146,3
DA:147,3
DA:149,1
DA:150,1
DA:151,48
DA:153,0
DA:154,0
DA:159,1
DA:160,1
DA:161,1
DA:162,3
DA:163,1
DA:165,3
DA:167,0
DA:169,0
DA:170,0
DA:175,1
DA:176,0
DA:182,9
DA:183,9
DA:184,384
DA:186,1
DA:188,9
DA:190,432
DA:191,9
DA:195,9
DA:196,9
DA:197,9
DA:198,1
DA:202,9
DA:203,9
DA:204,9
DA:205,9
DA:206,1
DA:208,8
DA:209,8
DA:210,8
DA:211,14
DA:212,46
DA:213,39
DA:216,42
DA:217,21
DA:218,42
DA:222,8
DA:223,8
DA:224,8
DA:226,0
DA:228,0
DA:231,0
DA:232,0
DA:239,1
LF:124
LH:100
BRDA:3,0,0,3
BRDA:3,0,1,3
BRDA:6,1,0,2
BRDA:6,1,1,26
BRDA:15,2,0,0
BRDA:15,2,1,3
BRDA:27,3,0,2
BRDA:28,4,0,9
BRDA:29,5,0,9
BRDA:33,6,0,1
BRDA:33,6,1,8
BRDA:35,7,0,1
BRDA:35,7,1,7
BRDA:40,8,0,9
BRDA:40,8,1,7
BRDA:41,9,0,9
BRDA:41,9,1,7
BRDA:42,10,0,9
BRDA:42,10,1,7
BRDA:43,11,0,9
BRDA:43,11,1,7
BRDA:47,12,0,9
BRDA:47,12,1,8
BRDA:47,13,0,5
BRDA:47,13,1,3
BRDA:48,14,0,9
BRDA:48,14,1,9
BRDA:48,14,2,9
BRDA:49,15,0,9
BRDA:49,15,1,8
BRDA:49,15,2,8
BRDA:49,15,3,1
BRDA:63,16,0,0
BRDA:63,16,1,0
BRDA:68,17,0,0
BRDA:68,17,1,9
BRDA:92,18,0,94
BRDA:92,18,1,338
BRDA:93,19,0,94
BRDA:93,19,1,0
BRDA:95,20,0,0
BRDA:95,20,1,94
BRDA:97,21,0,14
BRDA:97,21,1,324
BRDA:109,22,0,1
BRDA:109,22,1,8
BRDA:109,23,0,9
BRDA:109,23,1,1
BRDA:112,24,0,7
BRDA:112,24,1,1
BRDA:113,25,0,0
BRDA:113,25,1,7
BRDA:114,26,0,1
BRDA:114,26,1,6
BRDA:115,27,0,0
BRDA:115,27,1,6
BRDA:115,28,0,6
BRDA:115,28,1,0
BRDA:118,29,0,5
BRDA:118,29,1,1
BRDA:118,30,0,6
BRDA:118,30,1,5
BRDA:119,31,0,5
BRDA:119,31,1,0
BRDA:121,32,0,0
BRDA:121,32,1,0
BRDA:121,33,0,0
BRDA:121,33,1,0
BRDA:124,34,0,0
BRDA:124,34,1,0
BRDA:125,35,0,0
BRDA:125,35,1,0
BRDA:133,36,0,1
BRDA:133,36,1,0
BRDA:134,37,0,1
BRDA:134,37,1,0
BRDA:135,38,0,1
BRDA:135,38,1,1
BRDA:149,39,0,1
BRDA:149,39,1,0
BRDA:153,40,0,0
BRDA:153,40,1,0
BRDA:159,41,0,1
BRDA:159,41,1,0
BRDA:160,42,0,0
BRDA:160,42,1,1
BRDA:162,43,0,1
BRDA:162,43,1,2
BRDA:162,44,0,3
BRDA:162,44,1,3
BRDA:165,45,0,0
BRDA:165,45,1,3
BRDA:166,46,0,3
BRDA:166,46,1,0
BRDA:175,47,0,1
BRDA:175,47,1,0
BRDA:183,48,0,8
BRDA:183,48,1,1
BRDA:189,49,0,9
BRDA:189,49,1,1
BRDA:197,50,0,8
BRDA:197,50,1,1
BRDA:205,51,0,1
BRDA:205,51,1,8
BRDA:208,52,0,8
BRDA:208,52,1,0
BRDA:212,53,0,7
BRDA:212,53,1,39
BRDA:213,54,0,25
BRDA:213,54,1,14
BRDA:213,55,0,39
BRDA:213,55,1,32
BRDA:214,56,0,25
BRDA:214,56,1,25
BRDA:215,57,0,14
BRDA:215,57,1,7
BRDA:216,58,0,21
BRDA:216,58,1,21
BRF:118
BRH:89
end_of_record
